================================================================================
fs3 测试报告
================================================================================
生成时间: 2025-11-25 14:44:44
样本名称: fs3
总测试数: 25
通过: 24
失败: 1
总体结果: ✗ 有失败

================================================================================
测试详情
================================================================================

[✓ PASS] CR1Test
  测试数: 5
  状态: 全部通过

[✓ PASS] CR2Test
  测试数: 5
  状态: 全部通过

[✓ PASS] CR3Test
  测试数: 5
  状态: 全部通过

[✗ FAIL] CR4Test
  测试数: 5
  失败: 1

  失败详情:
  ----------------------------------------------------------------------------
  There was 1 failure:
  1) testCase3_CountDocumentsAfterRemoval(edu.fs.fs3.test.CR4Test)
  java.lang.AssertionError: ImageEditor should have 0 documents expected:<0> but was:<1>
  	at org.junit.Assert.fail(Assert.java:89)
  	at org.junit.Assert.failNotEquals(Assert.java:835)
  	at org.junit.Assert.assertEquals(Assert.java:120)
  	at edu.fs.fs3.test.CR4Test.testCase3_CountDocumentsAfterRemoval(CR4Test.java:141)
  
  FAILURES!!!
  Tests run: 5,  Failures: 1
  
  
  ----------------------------------------------------------------------------

[✓ PASS] CR5Test
  测试数: 5
  状态: 全部通过

================================================================================
测试摘要
================================================================================
测试类总数: 5
总测试数: 25
通过: 24
失败: 1
成功率: 96.0%
================================================================================