================================================================================
employee4 测试报告
================================================================================
生成时间: 2025-11-25 15:15:38
样本名称: employee4
总测试数: 25
通过: 17
失败: 8
总体结果: ✗ 有失败

================================================================================
测试详情
================================================================================

[✗ FAIL] CR1Test
  测试数: 5
  失败: 5

  失败详情:
  ----------------------------------------------------------------------------
  There were 5 failures:
  1) testCase1_CalculateTotalSalaryForCompanyWithSingleWorker(edu.employee.employee4.test.CR1Test)
  java.lang.AssertionError: expected:<800.0> but was:<1000.0>
  	at org.junit.Assert.fail(Assert.java:89)
  	at org.junit.Assert.failNotEquals(Assert.java:835)
  	at org.junit.Assert.assertEquals(Assert.java:555)
  	at org.junit.Assert.assertEquals(Assert.java:685)
  	at edu.employee.employee4.test.CR1Test.testCase1_CalculateTotalSalaryForCompanyWithSingleWorker(CR1Test.java:42)
  2) testCase2_CalculateTotalSalaryForCompanyWithSingleSalesPerson(edu.employee.employee4.test.CR1Test)
  java.lang.AssertionError: expected:<3200.0> but was:<1000.0>
  	at org.junit.Assert.fail(Assert.java:89)
  	at org.junit.Assert.failNotEquals(Assert.java:835)
  	at org.junit.Assert.assertEquals(Assert.java:555)
  	at org.junit.Assert.assertEquals(Assert.java:685)
  	at edu.employee.employee4.test.CR1Test.testCase2_CalculateTotalSalaryForCompanyWithSingleSalesPerson(CR1Test.java:60)
  3) testCase4_CalculateTotalSalaryForCompanyWithWorkerSalesPersonAndManager(edu.employee.employee4.test.CR1Test)
  java.lang.AssertionError: expected:<8595.0> but was:<3000.0>
  	at org.junit.Assert.fail(Assert.java:89)
  	at org.junit.Assert.failNotEquals(Assert.java:835)
  	at org.junit.Assert.assertEquals(Assert.java:555)
  	at org.junit.Assert.assertEquals(Assert.java:685)
  	at edu.employee.employee4.test.CR1Test.testCase4_CalculateTotalSalaryForCompanyWithWorkerSalesPersonAndManager(CR1Test.java:106)
  4) testCase3_CalculateTotalSalaryForCompanyWithSingleManager(edu.employee.employee4.test.CR1Test)
  java.lang.AssertionError: expected:<5000.0> but was:<1000.0>
  	at org.junit.Assert.fail(Assert.java:89)
  	at org.junit.Assert.failNotEquals(Assert.java:835)
  	at org.junit.Assert.assertEquals(Assert.java:555)
  	at org.junit.Assert.assertEquals(Assert.java:685)
  	at edu.employee.employee4.test.CR1Test.testCase3_CalculateTotalSalaryForCompanyWithSingleManager(CR1Test.java:76)
  5) testCase5_CalculateTotalSalaryForCompanyWithMultipleWorkers(edu.employee.employee4.test.CR1Test)
  ----------------------------------------------------------------------------

[✓ PASS] CR2Test
  测试数: 5
  状态: 全部通过

[✗ FAIL] CR3Test
  测试数: 5
  失败: 3

  失败详情:
  ----------------------------------------------------------------------------
  There were 3 failures:
  1) testCase5_MultipleSalespersonsWithMixedSales(edu.employee.employee4.test.CR3Test)
  java.lang.AssertionError: Multiple salespeople with mixed sales (including zero sales) should calculate correct total commission expected:<1120.0> but was:<0.0>
  	at org.junit.Assert.fail(Assert.java:89)
  	at org.junit.Assert.failNotEquals(Assert.java:835)
  	at org.junit.Assert.assertEquals(Assert.java:555)
  	at edu.employee.employee4.test.CR3Test.testCase5_MultipleSalespersonsWithMixedSales(CR3Test.java:128)
  2) testCase3_MultipleSalespersonsWithNonZeroSales(edu.employee.employee4.test.CR3Test)
  java.lang.AssertionError: Multiple salespeople with non-zero sales should calculate correct total commission expected:<900.0> but was:<0.0>
  	at org.junit.Assert.fail(Assert.java:89)
  	at org.junit.Assert.failNotEquals(Assert.java:835)
  	at org.junit.Assert.assertEquals(Assert.java:555)
  	at edu.employee.employee4.test.CR3Test.testCase3_MultipleSalespersonsWithNonZeroSales(CR3Test.java:78)
  3) testCase1_SingleSalespersonWithNonZeroSales(edu.employee.employee4.test.CR3Test)
  java.lang.AssertionError: Single salesperson with non-zero sales should calculate correct commission expected:<100.0> but was:<0.0>
  	at org.junit.Assert.fail(Assert.java:89)
  	at org.junit.Assert.failNotEquals(Assert.java:835)
  	at org.junit.Assert.assertEquals(Assert.java:555)
  	at edu.employee.employee4.test.CR3Test.testCase1_SingleSalespersonWithNonZeroSales(CR3Test.java:39)
  
  FAILURES!!!
  Tests run: 5,  Failures: 3
  
  
  ----------------------------------------------------------------------------

[✓ PASS] CR4Test
  测试数: 5
  状态: 全部通过

[✓ PASS] CR5Test
  测试数: 5
  状态: 全部通过

================================================================================
测试摘要
================================================================================
测试类总数: 5
总测试数: 25
通过: 17
失败: 8
成功率: 68.0%
================================================================================