================================================================================
flights2 测试报告
================================================================================
生成时间: 2025-11-27 16:22:04
样本名称: flights2
总测试数: 30
通过: 25
失败: 5
总体结果: ✗ 有失败

================================================================================
测试详情
================================================================================

[✗ FAIL] CR1Test
  测试数: 5
  失败: 2

  失败详情:
  ----------------------------------------------------------------------------
  There were 2 failures:
  1) testCase1_CorrectScheduleAndRoute(edu.flights.flights2.test.CR1Test)
  java.lang.AssertionError: Flight should be published successfully with correct schedule and route
  	at org.junit.Assert.fail(Assert.java:89)
  	at org.junit.Assert.assertTrue(Assert.java:42)
  	at edu.flights.flights2.test.CR1Test.testCase1_CorrectScheduleAndRoute(CR1Test.java:59)
  2) testCase5_SecondPublishAttempt(edu.flights.flights2.test.CR1Test)
  java.lang.AssertionError: First publish attempt should succeed
  	at org.junit.Assert.fail(Assert.java:89)
  	at org.junit.Assert.assertTrue(Assert.java:42)
  	at edu.flights.flights2.test.CR1Test.testCase5_SecondPublishAttempt(CR1Test.java:200)
  
  FAILURES!!!
  Tests run: 5,  Failures: 2
  
  
  ----------------------------------------------------------------------------

[✗ FAIL] CR2Test
  测试数: 5
  失败: 1

  失败详情:
  ----------------------------------------------------------------------------
  There was 1 failure:
  1) testCase3_PassengerAlreadyBookedEarlier(edu.flights.flights2.test.CR2Test)
  java.lang.AssertionError: Booking should fail due to duplicate passenger in existing booking
  	at org.junit.Assert.fail(Assert.java:89)
  	at org.junit.Assert.assertTrue(Assert.java:42)
  	at org.junit.Assert.assertFalse(Assert.java:65)
  	at edu.flights.flights2.test.CR2Test.testCase3_PassengerAlreadyBookedEarlier(CR2Test.java:150)
  
  FAILURES!!!
  Tests run: 5,  Failures: 1
  
  
  ----------------------------------------------------------------------------

[✓ PASS] CR3Test
  测试数: 5
  状态: 全部通过

[✗ FAIL] CR4Test
  测试数: 5
  失败: 1

  失败详情:
  ----------------------------------------------------------------------------
  There was 1 failure:
  1) testCase2_ThreeConfirmedReservationsCanceled(edu.flights.flights2.test.CR4Test)
  java.lang.AssertionError: Reservation should be cancelled expected:<CANCELED> but was:<CONFIRMED>
  	at org.junit.Assert.fail(Assert.java:89)
  	at org.junit.Assert.failNotEquals(Assert.java:835)
  	at org.junit.Assert.assertEquals(Assert.java:120)
  	at edu.flights.flights2.test.CR4Test.testCase2_ThreeConfirmedReservationsCanceled(CR4Test.java:107)
  
  FAILURES!!!
  Tests run: 5,  Failures: 1
  
  
  ----------------------------------------------------------------------------

[✗ FAIL] CR5Test
  测试数: 5
  失败: 1

  失败详情:
  ----------------------------------------------------------------------------
  There was 1 failure:
  1) testCase3_FlightClosedReturnsZero(edu.flights.flights2.test.CR5Test)
  java.lang.AssertionError
  	at org.junit.Assert.fail(Assert.java:87)
  	at org.junit.Assert.assertTrue(Assert.java:42)
  	at org.junit.Assert.assertTrue(Assert.java:53)
  	at edu.flights.flights2.test.CR5Test.testCase3_FlightClosedReturnsZero(CR5Test.java:113)
  
  FAILURES!!!
  Tests run: 5,  Failures: 1
  
  
  ----------------------------------------------------------------------------

[✓ PASS] CR6Test
  测试数: 5
  状态: 全部通过

================================================================================
测试摘要
================================================================================
测试类总数: 6
总测试数: 30
通过: 25
失败: 5
成功率: 83.3%
================================================================================