================================================================================
fs2 测试报告
================================================================================
生成时间: 2025-11-24 19:47:00
样本名称: fs2
总测试数: 25
通过: 21
失败: 4
总体结果: ✗ 有失败

================================================================================
测试详情
================================================================================

[✓ PASS] CR1Test
  测试数: 5
  状态: 全部通过

[✓ PASS] CR2Test
  测试数: 5
  状态: 全部通过

[✓ PASS] CR3Test
  测试数: 5
  状态: 全部通过

[✗ FAIL] CR4Test
  测试数: 5
  失败: 4

  失败详情:
  ----------------------------------------------------------------------------
  There were 4 failures:
  1) testCase5_CountDocumentsWithAllEditorsUsed(edu.fs.fs2.test.CR4Test)
  java.lang.AssertionError: TextEditor count should be 2 expected:<2> but was:<null>
  	at org.junit.Assert.fail(Assert.java:89)
  	at org.junit.Assert.failNotEquals(Assert.java:835)
  	at org.junit.Assert.assertEquals(Assert.java:120)
  	at edu.fs.fs2.test.CR4Test.testCase5_CountDocumentsWithAllEditorsUsed(CR4Test.java:190)
  2) testCase2_CountDocumentsWithSingleEditorType(edu.fs.fs2.test.CR4Test)
  java.lang.AssertionError: TextEditor count should be 2 expected:<2> but was:<null>
  	at org.junit.Assert.fail(Assert.java:89)
  	at org.junit.Assert.failNotEquals(Assert.java:835)
  	at org.junit.Assert.assertEquals(Assert.java:120)
  	at edu.fs.fs2.test.CR4Test.testCase2_CountDocumentsWithSingleEditorType(CR4Test.java:89)
  3) testCase3_CountDocumentsAfterRemoval(edu.fs.fs2.test.CR4Test)
  java.lang.AssertionError: TextEditor count should be 1 expected:<1> but was:<null>
  	at org.junit.Assert.fail(Assert.java:89)
  	at org.junit.Assert.failNotEquals(Assert.java:835)
  	at org.junit.Assert.assertEquals(Assert.java:120)
  	at edu.fs.fs2.test.CR4Test.testCase3_CountDocumentsAfterRemoval(CR4Test.java:131)
  4) testCase1_CountDocumentsWithMixedEditorTypes(edu.fs.fs2.test.CR4Test)
  java.lang.AssertionError: TextEditor count should be 1 expected:<1> but was:<null>
  	at org.junit.Assert.fail(Assert.java:89)
  	at org.junit.Assert.failNotEquals(Assert.java:835)
  	at org.junit.Assert.assertEquals(Assert.java:120)
  	at edu.fs.fs2.test.CR4Test.testCase1_CountDocumentsWithMixedEditorTypes(CR4Test.java:61)
  
  FAILURES!!!
  Tests run: 5,  Failures: 4
  
  
  ----------------------------------------------------------------------------

[✓ PASS] CR5Test
  测试数: 5
  状态: 全部通过

================================================================================
测试摘要
================================================================================
测试类总数: 5
总测试数: 25
通过: 21
失败: 4
成功率: 84.0%
================================================================================