================================================================================
fs5 测试报告
================================================================================
生成时间: 2025-11-25 00:24:01
样本名称: fs5
总测试数: 25
通过: 17
失败: 8
总体结果: ✗ 有失败

================================================================================
测试详情
================================================================================

[✓ PASS] CR1Test
  测试数: 5
  状态: 全部通过

[✗ FAIL] CR2Test
  测试数: 5
  失败: 5

  失败详情:
  ----------------------------------------------------------------------------
  There were 5 failures:
  1) testCase2_NoDocumentsForAnEditor(edu.fs.fs5.test.CR2Test)
  java.lang.NullPointerException: Cannot invoke "java.lang.Float.floatValue()" because the return value of "java.util.Map.get(Object)" is null
  	at edu.fs.fs5.test.CR2Test.testCase2_NoDocumentsForAnEditor(CR2Test.java:73)
  2) testCase1_SingleEditorWithMultipleDocuments(edu.fs.fs5.test.CR2Test)
  java.lang.NullPointerException: Cannot invoke "java.lang.Float.floatValue()" because the return value of "java.util.Map.get(Object)" is null
  	at edu.fs.fs5.test.CR2Test.testCase1_SingleEditorWithMultipleDocuments(CR2Test.java:59)
  3) testCase5_LargeNumberOfDocumentsForOneEditor(edu.fs.fs5.test.CR2Test)
  java.lang.NullPointerException: Cannot invoke "java.lang.Float.floatValue()" because the return value of "java.util.Map.get(Object)" is null
  	at edu.fs.fs5.test.CR2Test.testCase5_LargeNumberOfDocumentsForOneEditor(CR2Test.java:192)
  4) testCase4_MultipleEditorsWithDocumentDistribution(edu.fs.fs5.test.CR2Test)
  java.lang.NullPointerException: Cannot invoke "java.lang.Float.floatValue()" because the return value of "java.util.Map.get(Object)" is null
  	at edu.fs.fs5.test.CR2Test.testCase4_MultipleEditorsWithDocumentDistribution(CR2Test.java:167)
  5) testCase3_EditorWithDocumentsOfVaryingSizes(edu.fs.fs5.test.CR2Test)
  java.lang.NullPointerException: Cannot invoke "java.lang.Float.floatValue()" because the return value of "java.util.Map.get(Object)" is null
  	at edu.fs.fs5.test.CR2Test.testCase3_EditorWithDocumentsOfVaryingSizes(CR2Test.java:112)
  
  FAILURES!!!
  Tests run: 5,  Failures: 5
  
  
  ----------------------------------------------------------------------------

[✓ PASS] CR3Test
  测试数: 5
  状态: 全部通过

[✗ FAIL] CR4Test
  测试数: 5
  失败: 3

  失败详情:
  ----------------------------------------------------------------------------
  There were 3 failures:
  1) testCase2_CountDocumentsWithSingleEditorType(edu.fs.fs5.test.CR4Test)
  java.lang.AssertionError: ImageEditor should not be in result expected null, but was:<0>
  	at org.junit.Assert.fail(Assert.java:89)
  	at org.junit.Assert.failNotNull(Assert.java:756)
  	at org.junit.Assert.assertNull(Assert.java:738)
  	at edu.fs.fs5.test.CR4Test.testCase2_CountDocumentsWithSingleEditorType(CR4Test.java:85)
  2) testCase3_CountDocumentsAfterRemoval(edu.fs.fs5.test.CR4Test)
  java.lang.AssertionError: ImageEditor should not be in result after removal expected null, but was:<0>
  	at org.junit.Assert.fail(Assert.java:89)
  	at org.junit.Assert.failNotNull(Assert.java:756)
  	at org.junit.Assert.assertNull(Assert.java:738)
  	at edu.fs.fs5.test.CR4Test.testCase3_CountDocumentsAfterRemoval(CR4Test.java:125)
  3) testCase4_CountDocumentsWithNoEditors(edu.fs.fs5.test.CR4Test)
  java.lang.AssertionError: Result should be empty when no documents exist
  	at org.junit.Assert.fail(Assert.java:89)
  	at org.junit.Assert.assertTrue(Assert.java:42)
  	at edu.fs.fs5.test.CR4Test.testCase4_CountDocumentsWithNoEditors(CR4Test.java:138)
  
  FAILURES!!!
  Tests run: 5,  Failures: 3
  
  
  ----------------------------------------------------------------------------

[✓ PASS] CR5Test
  测试数: 5
  状态: 全部通过

================================================================================
测试摘要
================================================================================
测试类总数: 5
总测试数: 25
通过: 17
失败: 8
成功率: 68.0%
================================================================================