============================================================
AirlineFlights - Sample 2 测试详细报告
============================================================
生成时间: 2025-11-22 00:06:04

【FJC 编译】
状态: ✓ 成功

【测试执行结果】
============================================================

[✗ FAIL] CR1Test.java
  编译: ✓ 成功
  运行: ✗ 失败
  测试数: 3/5 通过，2 失败

  失败详情:
  ----------------------------------------------------
  There were 2 failures:
  1) testCase1_CorrectScheduleAndRoute(CR1Test)
  java.lang.AssertionError: Flight should be published successfully with correct schedule and route
  	at org.junit.Assert.fail(Assert.java:89)
  	at org.junit.Assert.assertTrue(Assert.java:42)
  	at CR1Test.testCase1_CorrectScheduleAndRoute(CR1Test.java:46)
  2) testCase5_SecondPublishAttempt(CR1Test)
  java.lang.AssertionError: First publish attempt should succeed
  	at org.junit.Assert.fail(Assert.java:89)
  	at org.junit.Assert.assertTrue(Assert.java:42)
  	at CR1Test.testCase5_SecondPublishAttempt(CR1Test.java:160)
  
  FAILURES!!!
  Tests run: 5,  Failures: 2
  
  
  ----------------------------------------------------

[✗ FAIL] CR2Test.java
  编译: ✓ 成功
  运行: ✗ 失败
  测试数: 1/5 通过，4 失败

  失败详情:
  ----------------------------------------------------
  There were 4 failures:
  1) testCase2_DuplicatePassengerInSameRequest(CR2Test)
  java.lang.AssertionError: Flight should be published successfully
  	at org.junit.Assert.fail(Assert.java:89)
  	at org.junit.Assert.assertTrue(Assert.java:42)
  	at CR2Test.testCase2_DuplicatePassengerInSameRequest(CR2Test.java:93)
  2) testCase5_TheTimeIsAfterTheDepartureTime(CR2Test)
  java.lang.AssertionError: Flight should be published successfully
  	at org.junit.Assert.fail(Assert.java:89)
  	at org.junit.Assert.assertTrue(Assert.java:42)
  	at CR2Test.testCase5_TheTimeIsAfterTheDepartureTime(CR2Test.java:220)
  3) testCase1_TwoNewPassengersSucceed(CR2Test)
  java.lang.AssertionError: Flight should be published successfully
  	at org.junit.Assert.fail(Assert.java:89)
  	at org.junit.Assert.assertTrue(Assert.java:42)
  	at CR2Test.testCase1_TwoNewPassengersSucceed(CR2Test.java:36)
  4) testCase3_PassengerAlreadyBookedEarlier(CR2Test)
  java.lang.AssertionError: Flight should be published successfully
  	at org.junit.Assert.fail(Assert.java:89)
  	at org.junit.Assert.assertTrue(Assert.java:42)
  	at CR2Test.testCase3_PassengerAlreadyBookedEarlier(CR2Test.java:132)
  
  FAILURES!!!
  Tests run: 5,  Failures: 4
  
  
  ----------------------------------------------------

[✗ COMPILE ERROR] CR3Test.java
  编译: ✗ 失败
  运行: - 未执行

  编译错误:
  ----------------------------------------------------
  C:\Users\20936\Desktop\to张zq2\RESULT\RQ2\openai\gpt-oss-120b\AirlineFlights_sample2\src\test\CR3Test.java:130: 错误: 找不到符号
          airlineService.getReservations().put("R403", reservation);
                        ^
    符号:   方法 getReservations()
    位置: 类型为AirlineService的变量 airlineService
  C:\Users\20936\Desktop\to张zq2\RESULT\RQ2\openai\gpt-oss-120b\AirlineFlights_sample2\src\test\CR3Test.java:162: 错误: 找不到符号
          airlineService.getFlights().put("F404", flight);
                        ^
    符号:   方法 getFlights()
    位置: 类型为AirlineService的变量 airlineService
  ----------------------------------------------------

[✗ FAIL] CR4Test.java
  编译: ✓ 成功
  运行: ✗ 失败
  测试数: 1/5 通过，4 失败

  失败详情:
  ----------------------------------------------------
  There were 4 failures:
  1) testCase1_NoReservationsToCancel(CR4Test)
  java.lang.AssertionError: Flight should be published successfully
  	at org.junit.Assert.fail(Assert.java:89)
  	at org.junit.Assert.assertTrue(Assert.java:42)
  	at CR4Test.testCase1_NoReservationsToCancel(CR4Test.java:37)
  2) testCase4_CloseOnDepartureDayAfterDepartureTime(CR4Test)
  java.lang.AssertionError: Flight should be published successfully
  	at org.junit.Assert.fail(Assert.java:89)
  	at org.junit.Assert.assertTrue(Assert.java:42)
  	at CR4Test.testCase4_CloseOnDepartureDayAfterDepartureTime(CR4Test.java:176)
  3) testCase5_AttemptToCloseAfterDeparture(CR4Test)
  java.lang.AssertionError: Flight should be published successfully
  	at org.junit.Assert.fail(Assert.java:89)
  	at org.junit.Assert.assertTrue(Assert.java:42)
  	at CR4Test.testCase5_AttemptToCloseAfterDeparture(CR4Test.java:233)
  4) testCase2_ThreeConfirmedReservationsCanceled(CR4Test)
  java.lang.AssertionError: Flight should be published successfully
  	at org.junit.Assert.fail(Assert.java:89)
  	at org.junit.Assert.assertTrue(Assert.java:42)
  	at CR4Test.testCase2_ThreeConfirmedReservationsCanceled(CR4Test.java:74)
  
  FAILURES!!!
  Tests run: 5,  Failures: 4
  
  
  ----------------------------------------------------

[✗ COMPILE ERROR] CR5Test.java
  编译: ✗ 失败
  运行: - 未执行

  编译错误:
  ----------------------------------------------------
  C:\Users\20936\Desktop\to张zq2\RESULT\RQ2\openai\gpt-oss-120b\AirlineFlights_sample2\src\test\CR5Test.java:44: 错误: 找不到符号
          airlineService.getReservations().put("R501-1", res1);
                        ^
    符号:   方法 getReservations()
    位置: 类型为AirlineService的变量 airlineService
  C:\Users\20936\Desktop\to张zq2\RESULT\RQ2\openai\gpt-oss-120b\AirlineFlights_sample2\src\test\CR5Test.java:49: 错误: 找不到符号
          airlineService.getReservations().put("R501-2", res2);
                        ^
    符号:   方法 getReservations()
    位置: 类型为AirlineService的变量 airlineService
  ----------------------------------------------------

[✗ FAIL] CR6Test.java
  编译: ✓ 成功
  运行: ✗ 失败
  测试数: 2/5 通过，3 失败

  失败详情:
  ----------------------------------------------------
  There were 3 failures:
  1) testCase5_attemptRemovalAfterDeparture(CR6Test)
  java.lang.AssertionError: Stopover deletion should fail after flight departure
  	at org.junit.Assert.fail(Assert.java:89)
  	at org.junit.Assert.assertTrue(Assert.java:42)
  	at org.junit.Assert.assertFalse(Assert.java:65)
  	at CR6Test.testCase5_attemptRemovalAfterDeparture(CR6Test.java:173)
  2) testCase3_deleteExistingStopover(CR6Test)
  java.lang.AssertionError: Stopover should be successfully deleted
  	at org.junit.Assert.fail(Assert.java:89)
  	at org.junit.Assert.assertTrue(Assert.java:42)
  	at CR6Test.testCase3_deleteExistingStopover(CR6Test.java:109)
  3) testCase1_addFirstStopoverInsideJourneyWindow(CR6Test)
  java.lang.AssertionError: Stopover should be successfully added
  	at org.junit.Assert.fail(Assert.java:89)
  	at org.junit.Assert.assertTrue(Assert.java:42)
  	at CR6Test.testCase1_addFirstStopoverInsideJourneyWindow(CR6Test.java:45)
  
  FAILURES!!!
  Tests run: 5,  Failures: 3
  
  
  ----------------------------------------------------

============================================================
统计摘要
============================================================
- FJC 编译: ✓ 成功
- 测试类总数: 6
- 编译成功: 4/6
- 测试通过: 0/4
- 测试失败: 4/4
============================================================