============================================================
ORS - Sample 5 测试详细报告
============================================================
生成时间: 2025-11-22 14:11:13

【FJC 编译】
状态: ✓ 成功

【测试执行结果】
============================================================

[✗ FAIL] CR1Test.java
  编译: ✓ 成功
  运行: ✗ 失败
  测试数: 4/5 通过，1 失败

  失败详情:
  ----------------------------------------------------
  There was 1 failure:
  1) testCase1_validBookingWithAvailableSeatsAndNoOverlap(CR1Test)
  java.lang.AssertionError: Booking should be allowed
  	at org.junit.Assert.fail(Assert.java:89)
  	at org.junit.Assert.assertTrue(Assert.java:42)
  	at CR1Test.testCase1_validBookingWithAvailableSeatsAndNoOverlap(CR1Test.java:108)
  
  FAILURES!!!
  Tests run: 5,  Failures: 1
  
  
  ----------------------------------------------------

[✗ FAIL] CR2Test.java
  编译: ✓ 成功
  运行: ✗ 失败
  测试数: 4/5 通过，1 失败

  失败详情:
  ----------------------------------------------------
  There was 1 failure:
  1) testCase3_Exact24HourBoundaryForDiscount(CR2Test)
  java.lang.AssertionError: expected:<80.0> but was:<100.0>
  	at org.junit.Assert.fail(Assert.java:89)
  	at org.junit.Assert.failNotEquals(Assert.java:835)
  	at org.junit.Assert.assertEquals(Assert.java:555)
  	at org.junit.Assert.assertEquals(Assert.java:685)
  	at CR2Test.testCase3_Exact24HourBoundaryForDiscount(CR2Test.java:110)
  
  FAILURES!!!
  Tests run: 5,  Failures: 1
  
  
  ----------------------------------------------------

[✓ PASS] CR3Test.java
  编译: ✓ 成功
  运行: ✓ 通过
  测试数: 5/5 通过

[✗ FAIL] CR4Test.java
  编译: ✓ 成功
  运行: ✗ 失败
  测试数: 4/5 通过，1 失败

  失败详情:
  ----------------------------------------------------
  There was 1 failure:
  1) testCase2_zeroPointsWithExpiredBookings(CR4Test)
  java.lang.AssertionError: Points should be 0 since booking date is in target month expected:<0> but was:<20>
  	at org.junit.Assert.fail(Assert.java:89)
  	at org.junit.Assert.failNotEquals(Assert.java:835)
  	at org.junit.Assert.assertEquals(Assert.java:647)
  	at CR4Test.testCase2_zeroPointsWithExpiredBookings(CR4Test.java:108)
  
  FAILURES!!!
  Tests run: 5,  Failures: 1
  
  
  ----------------------------------------------------

[✓ PASS] CR5Test.java
  编译: ✓ 成功
  运行: ✓ 通过
  测试数: 5/5 通过

============================================================
统计摘要
============================================================
- FJC 编译: ✓ 成功
- 测试类总数: 5
- 编译成功: 5/5
- 测试通过: 2/5
- 测试失败: 3/5
============================================================