================================================================================
flights2 测试报告
================================================================================
生成时间: 2025-11-27 12:59:12
样本名称: flights2
总测试数: 30
通过: 29
失败: 1
总体结果: ✗ 有失败

================================================================================
测试详情
================================================================================

[✓ PASS] CR1Test
  测试数: 5
  状态: 全部通过

[✓ PASS] CR2Test
  测试数: 5
  状态: 全部通过

[✓ PASS] CR3Test
  测试数: 5
  状态: 全部通过

[✓ PASS] CR4Test
  测试数: 5
  状态: 全部通过

[✓ PASS] CR5Test
  测试数: 5
  状态: 全部通过

[✗ FAIL] CR6Test
  测试数: 5
  失败: 1

  失败详情:
  ----------------------------------------------------------------------------
  There was 1 failure:
  1) testCase1_AddFirstStopoverInsideJourneyWindow(edu.flights.flights2.test.CR6Test)
  java.lang.AssertionError: Stopover should be added successfully
  	at org.junit.Assert.fail(Assert.java:89)
  	at org.junit.Assert.assertTrue(Assert.java:42)
  	at edu.flights.flights2.test.CR6Test.testCase1_AddFirstStopoverInsideJourneyWindow(CR6Test.java:63)
  
  FAILURES!!!
  Tests run: 5,  Failures: 1
  
  
  ----------------------------------------------------------------------------

================================================================================
测试摘要
================================================================================
测试类总数: 6
总测试数: 30
通过: 29
失败: 1
成功率: 96.7%
================================================================================