============================================================
AirlineFlights - Sample 3 测试详细报告
============================================================
生成时间: 2025-11-22 00:14:42

【FJC 编译】
状态: ✓ 成功

【测试执行结果】
============================================================

[✗ FAIL] CR1Test.java
  编译: ✓ 成功
  运行: ✗ 失败
  测试数: 3/5 通过，2 失败

  失败详情:
  ----------------------------------------------------
  There were 2 failures:
  1) testCase5_secondPublishAttempt(CR1Test)
  java.lang.AssertionError: First publish attempt should succeed
  	at org.junit.Assert.fail(Assert.java:89)
  	at org.junit.Assert.assertTrue(Assert.java:42)
  	at CR1Test.testCase5_secondPublishAttempt(CR1Test.java:172)
  2) testCase1_correctScheduleAndRoute(CR1Test)
  java.lang.AssertionError: Flight with correct schedule and route should publish successfully
  	at org.junit.Assert.fail(Assert.java:89)
  	at org.junit.Assert.assertTrue(Assert.java:42)
  	at CR1Test.testCase1_correctScheduleAndRoute(CR1Test.java:49)
  
  FAILURES!!!
  Tests run: 5,  Failures: 2
  
  
  ----------------------------------------------------

[✗ FAIL] CR2Test.java
  编译: ✓ 成功
  运行: ✗ 失败
  测试数: 0/5 通过，5 失败

  失败详情:
  ----------------------------------------------------
  There were 5 failures:
  1) testCase2_DuplicatePassengerInSameRequest(CR2Test)
  java.lang.UnsupportedOperationException
  	at java.base/java.util.Collections$UnmodifiableCollection.clear(Collections.java:1110)
  	at CR2Test.setUp(CR2Test.java:39)
  2) testCase5_TimeAfterDepartureTime(CR2Test)
  java.lang.UnsupportedOperationException
  	at java.base/java.util.Collections$UnmodifiableCollection.clear(Collections.java:1110)
  	at CR2Test.setUp(CR2Test.java:39)
  3) testCase1_TwoNewPassengersSucceed(CR2Test)
  java.lang.UnsupportedOperationException
  	at java.base/java.util.Collections$UnmodifiableCollection.clear(Collections.java:1110)
  	at CR2Test.setUp(CR2Test.java:39)
  4) testCase3_PassengerAlreadyBookedEarlier(CR2Test)
  java.lang.UnsupportedOperationException
  	at java.base/java.util.Collections$UnmodifiableCollection.clear(Collections.java:1110)
  	at CR2Test.setUp(CR2Test.java:39)
  5) testCase4_FlightClosedBlocksBooking(CR2Test)
  java.lang.UnsupportedOperationException
  	at java.base/java.util.Collections$UnmodifiableCollection.clear(Collections.java:1110)
  	at CR2Test.setUp(CR2Test.java:39)
  
  FAILURES!!!
  Tests run: 5,  Failures: 5
  
  
  ----------------------------------------------------

[✗ FAIL] CR3Test.java
  编译: ✓ 成功
  运行: ✗ 失败
  测试数: 0/5 通过，5 失败

  失败详情:
  ----------------------------------------------------
  There were 5 failures:
  1) testCase2_cancelConfirmedReservation(CR3Test)
  java.lang.UnsupportedOperationException
  	at java.base/java.util.Collections$UnmodifiableCollection.clear(Collections.java:1110)
  	at CR3Test.setUp(CR3Test.java:19)
  2) testCase4_closedFlightBlocksCancellation(CR3Test)
  java.lang.UnsupportedOperationException
  	at java.base/java.util.Collections$UnmodifiableCollection.clear(Collections.java:1110)
  	at CR3Test.setUp(CR3Test.java:19)
  3) testCase5_unknownReservationIdentifier(CR3Test)
  java.lang.UnsupportedOperationException
  	at java.base/java.util.Collections$UnmodifiableCollection.clear(Collections.java:1110)
  	at CR3Test.setUp(CR3Test.java:19)
  4) testCase3_flightDepartedBlocksConfirmation(CR3Test)
  java.lang.UnsupportedOperationException
  	at java.base/java.util.Collections$UnmodifiableCollection.clear(Collections.java:1110)
  	at CR3Test.setUp(CR3Test.java:19)
  5) testCase1_confirmPendingReservation(CR3Test)
  java.lang.UnsupportedOperationException
  	at java.base/java.util.Collections$UnmodifiableCollection.clear(Collections.java:1110)
  	at CR3Test.setUp(CR3Test.java:19)
  
  FAILURES!!!
  Tests run: 5,  Failures: 5
  
  
  ----------------------------------------------------

[✗ FAIL] CR4Test.java
  编译: ✓ 成功
  运行: ✗ 失败
  测试数: 2/5 通过，3 失败

  失败详情:
  ----------------------------------------------------
  There were 3 failures:
  1) testCase1_NoReservationsToCancel(CR4Test)
  java.lang.AssertionError: Flight should be closed successfully
  	at org.junit.Assert.fail(Assert.java:89)
  	at org.junit.Assert.assertTrue(Assert.java:42)
  	at CR4Test.testCase1_NoReservationsToCancel(CR4Test.java:88)
  2) testCase4_CloseOnDepartureDayAfterDepartureTime(CR4Test)
  java.lang.AssertionError: Booking should be created successfully
  	at org.junit.Assert.fail(Assert.java:89)
  	at org.junit.Assert.assertTrue(Assert.java:42)
  	at CR4Test.testCase4_CloseOnDepartureDayAfterDepartureTime(CR4Test.java:187)
  3) testCase2_ThreeConfirmedReservationsCanceled(CR4Test)
  java.lang.AssertionError: Booking should be created successfully
  	at org.junit.Assert.fail(Assert.java:89)
  	at org.junit.Assert.assertTrue(Assert.java:42)
  	at CR4Test.testCase2_ThreeConfirmedReservationsCanceled(CR4Test.java:115)
  
  FAILURES!!!
  Tests run: 5,  Failures: 3
  
  
  ----------------------------------------------------

[✓ PASS] CR5Test.java
  编译: ✓ 成功
  运行: ✓ 通过
  测试数: 5/5 通过

[✗ FAIL] CR6Test.java
  编译: ✓ 成功
  运行: ✗ 失败
  测试数: 2/5 通过，3 失败

  失败详情:
  ----------------------------------------------------
  There were 3 failures:
  1) testCase5_attemptRemovalAfterDeparture(CR6Test)
  java.lang.AssertionError: Stopover should not be deleted (flight has departed)
  	at org.junit.Assert.fail(Assert.java:89)
  	at org.junit.Assert.assertTrue(Assert.java:42)
  	at org.junit.Assert.assertFalse(Assert.java:65)
  	at CR6Test.testCase5_attemptRemovalAfterDeparture(CR6Test.java:244)
  2) testCase3_deleteExistingStopover(CR6Test)
  java.lang.AssertionError: Stopover should be deleted successfully
  	at org.junit.Assert.fail(Assert.java:89)
  	at org.junit.Assert.assertTrue(Assert.java:42)
  	at CR6Test.testCase3_deleteExistingStopover(CR6Test.java:209)
  3) testCase1_addFirstStopoverInsideJourneyWindow(CR6Test)
  java.lang.AssertionError: Stopover should be added successfully
  	at org.junit.Assert.fail(Assert.java:89)
  	at org.junit.Assert.assertTrue(Assert.java:42)
  	at CR6Test.testCase1_addFirstStopoverInsideJourneyWindow(CR6Test.java:173)
  
  FAILURES!!!
  Tests run: 5,  Failures: 3
  
  
  ----------------------------------------------------

============================================================
统计摘要
============================================================
- FJC 编译: ✓ 成功
- 测试类总数: 6
- 编译成功: 6/6
- 测试通过: 1/6
- 测试失败: 5/6
============================================================