================================================================================
rideshare3 测试报告
================================================================================
生成时间: 2025-11-25 15:18:16
样本名称: rideshare3
总测试数: 25
通过: 15
失败: 10
总体结果: ✗ 有失败

================================================================================
测试详情
================================================================================

[✗ FAIL] CR1Test
  测试数: 5
  失败: 3

  失败详情:
  ----------------------------------------------------------------------------
  There were 3 failures:
  1) testCase4_BookingAllowedWithMultipleNonOverlappingTrips(edu.rideshare.rideshare3.test.CR1Test)
  java.lang.AssertionError: Trip T200 seats should be updated to 36 expected:<36> but was:<32>
  	at org.junit.Assert.fail(Assert.java:89)
  	at org.junit.Assert.failNotEquals(Assert.java:835)
  	at org.junit.Assert.assertEquals(Assert.java:647)
  	at edu.rideshare.rideshare3.test.CR1Test.testCase4_BookingAllowedWithMultipleNonOverlappingTrips(CR1Test.java:192)
  2) testCase5_BookingDeniedWhenCustomerHasOverlappingBooking(edu.rideshare.rideshare3.test.CR1Test)
  java.lang.AssertionError: Booking should be denied due to overlapping time periods
  	at org.junit.Assert.fail(Assert.java:89)
  	at org.junit.Assert.assertTrue(Assert.java:42)
  	at org.junit.Assert.assertFalse(Assert.java:65)
  	at edu.rideshare.rideshare3.test.CR1Test.testCase5_BookingDeniedWhenCustomerHasOverlappingBooking(CR1Test.java:242)
  3) testCase3_BookingDeniedDueToTimeCutoffExactly2HoursBefore(edu.rideshare.rideshare3.test.CR1Test)
  java.lang.AssertionError: Trip T100 seats should remain 50 expected:<50> but was:<44>
  	at org.junit.Assert.fail(Assert.java:89)
  	at org.junit.Assert.failNotEquals(Assert.java:835)
  	at org.junit.Assert.assertEquals(Assert.java:647)
  	at edu.rideshare.rideshare3.test.CR1Test.testCase3_BookingDeniedDueToTimeCutoffExactly2HoursBefore(CR1Test.java:138)
  
  FAILURES!!!
  Tests run: 5,  Failures: 3
  
  
  ----------------------------------------------------------------------------

[✗ FAIL] CR2Test
  测试数: 5
  失败: 2

  失败详情:
  ----------------------------------------------------------------------------
  There were 2 failures:
  1) testCase3_Exact24HourBoundaryForDiscount(edu.rideshare.rideshare3.test.CR2Test)
  java.lang.AssertionError: expected:<80.0> but was:<100.0>
  	at org.junit.Assert.fail(Assert.java:89)
  	at org.junit.Assert.failNotEquals(Assert.java:835)
  	at org.junit.Assert.assertEquals(Assert.java:555)
  	at org.junit.Assert.assertEquals(Assert.java:685)
  	at edu.rideshare.rideshare3.test.CR2Test.testCase3_Exact24HourBoundaryForDiscount(CR2Test.java:88)
  2) testCase1_20PercentDiscountAppliedForEarlyBooking(edu.rideshare.rideshare3.test.CR2Test)
  java.lang.AssertionError: expected:<80.0> but was:<100.0>
  	at org.junit.Assert.fail(Assert.java:89)
  	at org.junit.Assert.failNotEquals(Assert.java:835)
  	at org.junit.Assert.assertEquals(Assert.java:555)
  	at org.junit.Assert.assertEquals(Assert.java:685)
  	at edu.rideshare.rideshare3.test.CR2Test.testCase1_20PercentDiscountAppliedForEarlyBooking(CR2Test.java:42)
  
  FAILURES!!!
  Tests run: 5,  Failures: 2
  
  
  ----------------------------------------------------------------------------

[✓ PASS] CR3Test
  测试数: 5
  状态: 全部通过

[✗ FAIL] CR4Test
  测试数: 5
  失败: 5

  失败详情:
  ----------------------------------------------------------------------------
  There were 5 failures:
  1) testCase1_PointsCalculationWithMultipleBookings(edu.rideshare.rideshare3.test.CR4Test)
  java.lang.StackOverflowError
  	at org.eclipse.emf.ecore.impl.MinimalEObjectImpl.eIsProxy(MinimalEObjectImpl.java:740)
  	at org.eclipse.emf.ecore.util.EcoreEList.resolveProxy(EcoreEList.java:205)
  	at org.eclipse.emf.ecore.util.EcoreEList.resolve(EcoreEList.java:160)
  	at org.eclipse.emf.ecore.util.EObjectWithInverseResolvingEList.resolve(EObjectWithInverseResolvingEList.java:93)
  	at org.eclipse.emf.common.util.BasicEList.get(BasicEList.java:347)
  	at org.eclipse.emf.common.util.AbstractEList$EIterator.doNext(AbstractEList.java:698)
  	at org.eclipse.emf.common.util.AbstractEList$EIterator.next(AbstractEList.java:685)
  	at edu.rideshare.Customer.computeMonthlyRewardPoints(Customer.java:172)
  	at edu.rideshare.Trip.calculateMonthlyPoints(Trip.java:582)
  	at edu.rideshare.Customer.computeMonthlyRewardPoints(Customer.java:175)
  	at edu.rideshare.Trip.calculateMonthlyPoints(Trip.java:582)
  	at edu.rideshare.Customer.computeMonthlyRewardPoints(Customer.java:175)
  	at edu.rideshare.Trip.calculateMonthlyPoints(Trip.java:582)
  	at edu.rideshare.Customer.computeMonthlyRewardPoints(Customer.java:175)
  	at edu.rideshare.Trip.calculateMonthlyPoints(Trip.java:582)
  	at edu.rideshare.Customer.computeMonthlyRewardPoints(Customer.java:175)
  	at edu.rideshare.Trip.calculateMonthlyPoints(Trip.java:582)
  	at edu.rideshare.Customer.computeMonthlyRewardPoints(Customer.java:175)
  	at edu.rideshare.Trip.calculateMonthlyPoints(Trip.java:582)
  	at edu.rideshare.Customer.computeMonthlyRewardPoints(Customer.java:175)
  	at edu.rideshare.Trip.calculateMonthlyPoints(Trip.java:582)
  	at edu.rideshare.Customer.computeMonthlyRewardPoints(Customer.java:175)
  	at edu.rideshare.Trip.calculateMonthlyPoints(Trip.java:582)
  	at edu.rideshare.Customer.computeMonthlyRewardPoints(Customer.java:175)
  	at edu.rideshare.Trip.calculateMonthlyPoints(Trip.java:582)
  	at edu.rideshare.Customer.computeMonthlyRewardPoints(Customer.java:175)
  	at edu.rideshare.Trip.calculateMonthlyPoints(Trip.java:582)
  ----------------------------------------------------------------------------

[✓ PASS] CR5Test
  测试数: 5
  状态: 全部通过

================================================================================
测试摘要
================================================================================
测试类总数: 5
总测试数: 25
通过: 15
失败: 10
成功率: 60.0%
================================================================================