================================================================================
rideshare5 测试报告
================================================================================
生成时间: 2025-11-24 23:27:52
样本名称: rideshare5
总测试数: 25
通过: 13
失败: 12
总体结果: ✗ 有失败

================================================================================
测试详情
================================================================================

[✗ FAIL] CR1Test
  测试数: 5
  失败: 3

  失败详情:
  ----------------------------------------------------------------------------
  There were 3 failures:
  1) testCase4_BookingAllowedWithMultipleNonOverlappingTrips(edu.rideshare.rideshare5.test.CR1Test)
  java.lang.AssertionError: Booking should be eligible with non-overlapping trips
  	at org.junit.Assert.fail(Assert.java:89)
  	at org.junit.Assert.assertTrue(Assert.java:42)
  	at edu.rideshare.rideshare5.test.CR1Test.testCase4_BookingAllowedWithMultipleNonOverlappingTrips(CR1Test.java:207)
  2) testCase1_ValidBookingWithAvailableSeatsAndNoOverlap(edu.rideshare.rideshare5.test.CR1Test)
  java.lang.AssertionError: Booking should be eligible
  	at org.junit.Assert.fail(Assert.java:89)
  	at org.junit.Assert.assertTrue(Assert.java:42)
  	at edu.rideshare.rideshare5.test.CR1Test.testCase1_ValidBookingWithAvailableSeatsAndNoOverlap(CR1Test.java:78)
  3) testCase3_BookingDeniedDueToTimeCutoffExactly2HoursBefore(edu.rideshare.rideshare5.test.CR1Test)
  java.lang.AssertionError: Booking should be allowed even at exactly 2 hours before
  	at org.junit.Assert.fail(Assert.java:89)
  	at org.junit.Assert.assertTrue(Assert.java:42)
  	at edu.rideshare.rideshare5.test.CR1Test.testCase3_BookingDeniedDueToTimeCutoffExactly2HoursBefore(CR1Test.java:153)
  
  FAILURES!!!
  Tests run: 5,  Failures: 3
  
  
  ----------------------------------------------------------------------------

[✗ FAIL] CR2Test
  测试数: 5
  失败: 2

  失败详情:
  ----------------------------------------------------------------------------
  There were 2 failures:
  1) testCase3_Exact24HourBoundaryForDiscount(edu.rideshare.rideshare5.test.CR2Test)
  java.lang.AssertionError: expected:<80.0> but was:<100.0>
  	at org.junit.Assert.fail(Assert.java:89)
  	at org.junit.Assert.failNotEquals(Assert.java:835)
  	at org.junit.Assert.assertEquals(Assert.java:555)
  	at org.junit.Assert.assertEquals(Assert.java:685)
  	at edu.rideshare.rideshare5.test.CR2Test.testCase3_Exact24HourBoundaryForDiscount(CR2Test.java:91)
  2) testCase1_20PercentDiscountAppliedForEarlyBooking(edu.rideshare.rideshare5.test.CR2Test)
  java.lang.AssertionError: expected:<80.0> but was:<100.0>
  	at org.junit.Assert.fail(Assert.java:89)
  	at org.junit.Assert.failNotEquals(Assert.java:835)
  	at org.junit.Assert.assertEquals(Assert.java:555)
  	at org.junit.Assert.assertEquals(Assert.java:685)
  	at edu.rideshare.rideshare5.test.CR2Test.testCase1_20PercentDiscountAppliedForEarlyBooking(CR2Test.java:43)
  
  FAILURES!!!
  Tests run: 5,  Failures: 2
  
  
  ----------------------------------------------------------------------------

[✓ PASS] CR3Test
  测试数: 5
  状态: 全部通过

[✗ FAIL] CR4Test
  测试数: 5
  失败: 4

  失败详情:
  ----------------------------------------------------------------------------
  There were 4 failures:
  1) testCase1_PointsCalculationWithMultipleBookings(edu.rideshare.rideshare5.test.CR4Test)
  java.lang.AssertionError: Points calculation with multiple bookings should return 25 expected:<25> but was:<30>
  	at org.junit.Assert.fail(Assert.java:89)
  	at org.junit.Assert.failNotEquals(Assert.java:835)
  	at org.junit.Assert.assertEquals(Assert.java:647)
  	at edu.rideshare.rideshare5.test.CR4Test.testCase1_PointsCalculationWithMultipleBookings(CR4Test.java:81)
  2) testCase4_MultipleSeatsEdgeCase(edu.rideshare.rideshare5.test.CR4Test)
  java.lang.AssertionError: Multiple seats edge case should return 10 points expected:<10> but was:<0>
  	at org.junit.Assert.fail(Assert.java:89)
  	at org.junit.Assert.failNotEquals(Assert.java:835)
  	at org.junit.Assert.assertEquals(Assert.java:647)
  	at edu.rideshare.rideshare5.test.CR4Test.testCase4_MultipleSeatsEdgeCase(CR4Test.java:181)
  3) testCase3_PartialMonthInclusion(edu.rideshare.rideshare5.test.CR4Test)
  java.lang.AssertionError: Partial month inclusion should return points only for December bookings expected:<15> but was:<20>
  	at org.junit.Assert.fail(Assert.java:89)
  	at org.junit.Assert.failNotEquals(Assert.java:835)
  	at org.junit.Assert.assertEquals(Assert.java:647)
  	at edu.rideshare.rideshare5.test.CR4Test.testCase3_PartialMonthInclusion(CR4Test.java:152)
  4) testCase5_LargeSeatQuantity(edu.rideshare.rideshare5.test.CR4Test)
  java.lang.AssertionError: C8 should have 500 points for large seat quantity expected:<500> but was:<0>
  	at org.junit.Assert.fail(Assert.java:89)
  	at org.junit.Assert.failNotEquals(Assert.java:835)
  	at org.junit.Assert.assertEquals(Assert.java:647)
  	at edu.rideshare.rideshare5.test.CR4Test.testCase5_LargeSeatQuantity(CR4Test.java:243)
  
  FAILURES!!!
  Tests run: 5,  Failures: 4
  
  
  ----------------------------------------------------------------------------

[✗ FAIL] CR5Test
  测试数: 5
  失败: 3

  失败详情:
  ----------------------------------------------------------------------------
  There were 3 failures:
  1) testCase4_CompleteTimeEnclosureRejection(edu.rideshare.rideshare5.test.CR5Test)
  java.lang.AssertionError: Trip completely within existing trip should be rejected
  	at org.junit.Assert.fail(Assert.java:89)
  	at org.junit.Assert.assertTrue(Assert.java:42)
  	at org.junit.Assert.assertFalse(Assert.java:65)
  	at edu.rideshare.rideshare5.test.CR5Test.testCase4_CompleteTimeEnclosureRejection(CR5Test.java:133)
  2) testCase2_PostingDeniedDueToTimeConflict(edu.rideshare.rideshare5.test.CR5Test)
  java.lang.AssertionError: Trip with time conflict should be rejected
  	at org.junit.Assert.fail(Assert.java:89)
  	at org.junit.Assert.assertTrue(Assert.java:42)
  	at org.junit.Assert.assertFalse(Assert.java:65)
  	at edu.rideshare.rideshare5.test.CR5Test.testCase2_PostingDeniedDueToTimeConflict(CR5Test.java:77)
  3) testCase5_MultipleExistingTripComparison(edu.rideshare.rideshare5.test.CR5Test)
  java.lang.AssertionError: Trip conflicting with multiple existing trips should be rejected
  	at org.junit.Assert.fail(Assert.java:89)
  	at org.junit.Assert.assertTrue(Assert.java:42)
  	at org.junit.Assert.assertFalse(Assert.java:65)
  	at edu.rideshare.rideshare5.test.CR5Test.testCase5_MultipleExistingTripComparison(CR5Test.java:175)
  
  FAILURES!!!
  Tests run: 5,  Failures: 3
  
  
  ----------------------------------------------------------------------------

================================================================================
测试摘要
================================================================================
测试类总数: 5
总测试数: 25
通过: 13
失败: 12
成功率: 52.0%
================================================================================