============================================================
BankSystem - Sample 4 测试详细报告
============================================================
生成时间: 2025-11-26 14:34:43

【FJC 编译】
状态: ✓ 成功

【测试执行结果】
============================================================

[✓ PASS] CR1Test.java
  编译: ✓ 成功
  运行: ✓ 通过
  测试数: 5/5 通过

[✓ PASS] CR2Test.java
  编译: ✓ 成功
  运行: ✓ 通过
  测试数: 5/5 通过

[✓ PASS] CR3Test.java
  编译: ✓ 成功
  运行: ✓ 通过
  测试数: 5/5 通过

[✓ PASS] CR4Test.java
  编译: ✓ 成功
  运行: ✓ 通过
  测试数: 5/5 通过

[✗ FAIL] CR5Test.java
  编译: ✓ 成功
  运行: ✗ 失败
  测试数: 4/5 通过，1 失败

  失败详情:
  ----------------------------------------------------
  There was 1 failure:
  1) testCase3_cashOnlyNoStocks(CR5Test)
  java.lang.AssertionError: expected:<1000.0> but was:<0.0>
  	at org.junit.Assert.fail(Assert.java:89)
  	at org.junit.Assert.failNotEquals(Assert.java:835)
  	at org.junit.Assert.assertEquals(Assert.java:555)
  	at org.junit.Assert.assertEquals(Assert.java:685)
  	at CR5Test.testCase3_cashOnlyNoStocks(CR5Test.java:79)
  
  FAILURES!!!
  Tests run: 5,  Failures: 1
  
  
  ----------------------------------------------------

============================================================
统计摘要
============================================================
- FJC 编译: ✓ 成功
- 测试类总数: 5
- 编译成功: 5/5
- 测试通过: 4/5
- 测试失败: 1/5
============================================================