============================================================
VideoRental - Sample 3 测试详细报告
============================================================
生成时间: 2025-11-22 14:38:36

【FJC 编译】
状态: ✓ 成功

【测试执行结果】
============================================================

[✗ FAIL] CR1Test.java
  编译: ✓ 成功
  运行: ✗ 失败
  测试数: 2/5 通过，3 失败

  失败详情:
  ----------------------------------------------------
  There were 3 failures:
  1) testCase4_UnreturnedButNotOverdue(CR1Test)
  java.lang.AssertionError: Overdue fee when not overdue should be $0.00 expected:<0.0> but was:<158.0>
  	at org.junit.Assert.fail(Assert.java:89)
  	at org.junit.Assert.failNotEquals(Assert.java:835)
  	at org.junit.Assert.assertEquals(Assert.java:555)
  	at CR1Test.testCase4_UnreturnedButNotOverdue(CR1Test.java:123)
  2) testCase5_Returned5DaysLate(CR1Test)
  java.lang.AssertionError: Overdue fee for 6 days overdue should be $3.00 expected:<3.0> but was:<161.0>
  	at org.junit.Assert.fail(Assert.java:89)
  	at org.junit.Assert.failNotEquals(Assert.java:835)
  	at org.junit.Assert.assertEquals(Assert.java:555)
  	at CR1Test.testCase5_Returned5DaysLate(CR1Test.java:165)
  3) testCase1_Returned1DayLate(CR1Test)
  java.lang.AssertionError: Overdue fee for 1 day late should be $0.50 expected:<0.5> but was:<3.5>
  	at org.junit.Assert.fail(Assert.java:89)
  	at org.junit.Assert.failNotEquals(Assert.java:835)
  	at org.junit.Assert.assertEquals(Assert.java:555)
  	at CR1Test.testCase1_Returned1DayLate(CR1Test.java:34)
  
  FAILURES!!!
  Tests run: 5,  Failures: 3
  
  
  ----------------------------------------------------

[✓ PASS] CR2Test.java
  编译: ✓ 成功
  运行: ✓ 通过
  测试数: 5/5 通过

[✗ FAIL] CR3Test.java
  编译: ✓ 成功
  运行: ✗ 失败
  测试数: 4/5 通过，1 失败

  失败详情:
  ----------------------------------------------------
  There was 1 failure:
  1) testCase1_SuccessfulRental(CR3Test)
  java.lang.AssertionError: Rental should be successful when customer has <20 rentals and no overdue fees
  	at org.junit.Assert.fail(Assert.java:89)
  	at org.junit.Assert.assertTrue(Assert.java:42)
  	at CR3Test.testCase1_SuccessfulRental(CR3Test.java:48)
  
  FAILURES!!!
  Tests run: 5,  Failures: 1
  
  
  ----------------------------------------------------

[✗ FAIL] CR4Test.java
  编译: ✓ 成功
  运行: ✗ 失败
  测试数: 0/5 通过，5 失败

  失败详情:
  ----------------------------------------------------
  There were 5 failures:
  1) testCase4_MixedOverdueAndOnTimeRentals(CR4Test)
  java.lang.AssertionError: expected:<11.0> but was:<13.0>
  	at org.junit.Assert.fail(Assert.java:89)
  	at org.junit.Assert.failNotEquals(Assert.java:835)
  	at org.junit.Assert.assertEquals(Assert.java:555)
  	at org.junit.Assert.assertEquals(Assert.java:685)
  	at CR4Test.testCase4_MixedOverdueAndOnTimeRentals(CR4Test.java:159)
  2) testCase1_NoOverdueFees(CR4Test)
  java.lang.AssertionError: expected:<13.0> but was:<15.0>
  	at org.junit.Assert.fail(Assert.java:89)
  	at org.junit.Assert.failNotEquals(Assert.java:835)
  	at org.junit.Assert.assertEquals(Assert.java:555)
  	at org.junit.Assert.assertEquals(Assert.java:685)
  	at CR4Test.testCase1_NoOverdueFees(CR4Test.java:54)
  3) testCase5_UnreturnedTapeWithCurrentDateOverdue(CR4Test)
  java.lang.AssertionError: expected:<11.5> but was:<165.5>
  	at org.junit.Assert.fail(Assert.java:89)
  	at org.junit.Assert.failNotEquals(Assert.java:835)
  	at org.junit.Assert.assertEquals(Assert.java:555)
  	at org.junit.Assert.assertEquals(Assert.java:685)
  	at CR4Test.testCase5_UnreturnedTapeWithCurrentDateOverdue(CR4Test.java:188)
  4) testCase3_MultipleOverdueRentals(CR4Test)
  java.lang.AssertionError: expected:<19.5> but was:<21.5>
  	at org.junit.Assert.fail(Assert.java:89)
  	at org.junit.Assert.failNotEquals(Assert.java:835)
  	at org.junit.Assert.assertEquals(Assert.java:555)
  	at org.junit.Assert.assertEquals(Assert.java:685)
  	at CR4Test.testCase3_MultipleOverdueRentals(CR4Test.java:121)
  5) testCase2_OneOverdueRental(CR4Test)
  ----------------------------------------------------

[✓ PASS] CR5Test.java
  编译: ✓ 成功
  运行: ✓ 通过
  测试数: 5/5 通过

============================================================
统计摘要
============================================================
- FJC 编译: ✓ 成功
- 测试类总数: 5
- 编译成功: 5/5
- 测试通过: 2/5
- 测试失败: 3/5
============================================================