============================================================
ORS - Sample 2 测试详细报告
============================================================
生成时间: 2025-11-26 12:24:55

【FJC 编译】
状态: ✓ 成功

【测试执行结果】
============================================================

[✗ FAIL] CR1Test.java
  编译: ✓ 成功
  运行: ✗ 失败
  测试数: 3/5 通过，2 失败

  失败详情:
  ----------------------------------------------------
  There were 2 failures:
  1) testCase4_BookingAllowedWithMultipleNonOverlappingTrips(CR1Test)
  java.lang.AssertionError: Booking should be eligible
  	at org.junit.Assert.fail(Assert.java:89)
  	at org.junit.Assert.assertTrue(Assert.java:42)
  	at CR1Test.testCase4_BookingAllowedWithMultipleNonOverlappingTrips(CR1Test.java:218)
  2) testCase1_ValidBookingWithAvailableSeatsAndNoOverlap(CR1Test)
  java.lang.AssertionError: Booking should be eligible
  	at org.junit.Assert.fail(Assert.java:89)
  	at org.junit.Assert.assertTrue(Assert.java:42)
  	at CR1Test.testCase1_ValidBookingWithAvailableSeatsAndNoOverlap(CR1Test.java:140)
  
  FAILURES!!!
  Tests run: 5,  Failures: 2
  
  
  ----------------------------------------------------

[✗ FAIL] CR2Test.java
  编译: ✓ 成功
  运行: ✗ 失败
  测试数: 4/5 通过，1 失败

  失败详情:
  ----------------------------------------------------
  There was 1 failure:
  1) testCase5_DiscountAppliesOnlyToEligibleMembershipType(CR2Test)
  java.lang.AssertionError: expected:<150.0> but was:<120.0>
  	at org.junit.Assert.fail(Assert.java:89)
  	at org.junit.Assert.failNotEquals(Assert.java:835)
  	at org.junit.Assert.assertEquals(Assert.java:555)
  	at org.junit.Assert.assertEquals(Assert.java:685)
  	at CR2Test.testCase5_DiscountAppliesOnlyToEligibleMembershipType(CR2Test.java:120)
  
  FAILURES!!!
  Tests run: 5,  Failures: 1
  
  
  ----------------------------------------------------

[✓ PASS] CR3Test.java
  编译: ✓ 成功
  运行: ✓ 通过
  测试数: 5/5 通过

[✗ FAIL] CR4Test.java
  编译: ✓ 成功
  运行: ✗ 失败
  测试数: 1/5 通过，4 失败

  失败详情:
  ----------------------------------------------------
  There were 4 failures:
  1) testCase1_PointsCalculationWithMultipleBookings(CR4Test)
  java.lang.AssertionError: expected:<25> but was:<0>
  	at org.junit.Assert.fail(Assert.java:89)
  	at org.junit.Assert.failNotEquals(Assert.java:835)
  	at org.junit.Assert.assertEquals(Assert.java:647)
  	at org.junit.Assert.assertEquals(Assert.java:633)
  	at CR4Test.testCase1_PointsCalculationWithMultipleBookings(CR4Test.java:56)
  2) testCase4_MultipleSeatsEdgeCase(CR4Test)
  java.lang.AssertionError: expected:<10> but was:<0>
  	at org.junit.Assert.fail(Assert.java:89)
  	at org.junit.Assert.failNotEquals(Assert.java:835)
  	at org.junit.Assert.assertEquals(Assert.java:647)
  	at org.junit.Assert.assertEquals(Assert.java:633)
  	at CR4Test.testCase4_MultipleSeatsEdgeCase(CR4Test.java:138)
  3) testCase3_PartialMonthInclusion(CR4Test)
  java.lang.AssertionError: expected:<15> but was:<0>
  	at org.junit.Assert.fail(Assert.java:89)
  	at org.junit.Assert.failNotEquals(Assert.java:835)
  	at org.junit.Assert.assertEquals(Assert.java:647)
  	at org.junit.Assert.assertEquals(Assert.java:633)
  	at CR4Test.testCase3_PartialMonthInclusion(CR4Test.java:110)
  4) testCase5_LargeSeatQuantity(CR4Test)
  java.lang.AssertionError: expected:<500> but was:<0>
  	at org.junit.Assert.fail(Assert.java:89)
  	at org.junit.Assert.failNotEquals(Assert.java:835)
  	at org.junit.Assert.assertEquals(Assert.java:647)
  	at org.junit.Assert.assertEquals(Assert.java:633)
  	at CR4Test.testCase5_LargeSeatQuantity(CR4Test.java:189)
  
  ----------------------------------------------------

[✓ PASS] CR5Test.java
  编译: ✓ 成功
  运行: ✓ 通过
  测试数: 5/5 通过

============================================================
统计摘要
============================================================
- FJC 编译: ✓ 成功
- 测试类总数: 5
- 编译成功: 5/5
- 测试通过: 2/5
- 测试失败: 3/5
============================================================