================================================================================
employee3 测试报告
================================================================================
生成时间: 2025-11-24 20:08:32
样本名称: employee3
总测试数: 25
通过: 23
失败: 2
总体结果: ✗ 有失败

================================================================================
测试详情
================================================================================

[✗ FAIL] CR1Test
  测试数: 5
  失败: 2

  失败详情:
  ----------------------------------------------------------------------------
  There were 2 failures:
  1) testCase2_CalculateTotalSalaryForCompanyWithSingleSalesPerson(edu.employee.employee3.test.CR1Test)
  java.lang.AssertionError: expected:<3200.0> but was:<3000.0>
  	at org.junit.Assert.fail(Assert.java:89)
  	at org.junit.Assert.failNotEquals(Assert.java:835)
  	at org.junit.Assert.assertEquals(Assert.java:555)
  	at org.junit.Assert.assertEquals(Assert.java:685)
  	at edu.employee.employee3.test.CR1Test.testCase2_CalculateTotalSalaryForCompanyWithSingleSalesPerson(CR1Test.java:64)
  2) testCase4_CalculateTotalSalaryForCompanyWithWorkerSalesPersonAndManager(edu.employee.employee3.test.CR1Test)
  java.lang.AssertionError: expected:<8595.0> but was:<8370.0>
  	at org.junit.Assert.fail(Assert.java:89)
  	at org.junit.Assert.failNotEquals(Assert.java:835)
  	at org.junit.Assert.assertEquals(Assert.java:555)
  	at org.junit.Assert.assertEquals(Assert.java:685)
  	at edu.employee.employee3.test.CR1Test.testCase4_CalculateTotalSalaryForCompanyWithWorkerSalesPersonAndManager(CR1Test.java:115)
  
  FAILURES!!!
  Tests run: 5,  Failures: 2
  
  
  ----------------------------------------------------------------------------

[✓ PASS] CR2Test
  测试数: 5
  状态: 全部通过

[✓ PASS] CR3Test
  测试数: 5
  状态: 全部通过

[✓ PASS] CR4Test
  测试数: 5
  状态: 全部通过

[✓ PASS] CR5Test
  测试数: 5
  状态: 全部通过

================================================================================
测试摘要
================================================================================
测试类总数: 5
总测试数: 25
通过: 23
失败: 2
成功率: 92.0%
================================================================================