============================================================
AirlineFlights - Sample 5 测试详细报告
============================================================
生成时间: 2025-11-22 00:23:14

【FJC 编译】
状态: ✓ 成功

【测试执行结果】
============================================================

[✗ FAIL] CR1Test.java
  编译: ✓ 成功
  运行: ✗ 失败
  测试数: 3/5 通过，2 失败

  失败详情:
  ----------------------------------------------------
  There were 2 failures:
  1) testCase5_secondPublishAttempt(CR1Test)
  java.lang.AssertionError: First publish attempt should succeed
  	at org.junit.Assert.fail(Assert.java:89)
  	at org.junit.Assert.assertTrue(Assert.java:42)
  	at CR1Test.testCase5_secondPublishAttempt(CR1Test.java:174)
  2) testCase1_correctScheduleAndRoute(CR1Test)
  java.lang.AssertionError: Flight should be published successfully with correct schedule and route
  	at org.junit.Assert.fail(Assert.java:89)
  	at org.junit.Assert.assertTrue(Assert.java:42)
  	at CR1Test.testCase1_correctScheduleAndRoute(CR1Test.java:49)
  
  FAILURES!!!
  Tests run: 5,  Failures: 2
  
  
  ----------------------------------------------------

[✗ FAIL] CR2Test.java
  编译: ✓ 成功
  运行: ✗ 失败
  测试数: 4/5 通过，1 失败

  失败详情:
  ----------------------------------------------------
  There was 1 failure:
  1) testCase1_TwoNewPassengersSucceed(CR2Test)
  java.lang.AssertionError: Booking should succeed for two new passengers
  	at org.junit.Assert.fail(Assert.java:89)
  	at org.junit.Assert.assertTrue(Assert.java:42)
  	at CR2Test.testCase1_TwoNewPassengersSucceed(CR2Test.java:42)
  
  FAILURES!!!
  Tests run: 5,  Failures: 1
  
  
  ----------------------------------------------------

[✗ FAIL] CR3Test.java
  编译: ✓ 成功
  运行: ✗ 失败
  测试数: 3/5 通过，2 失败

  失败详情:
  ----------------------------------------------------
  There were 2 failures:
  1) testCase3_flightDepartedBlocksConfirmation(CR3Test)
  java.util.NoSuchElementException
  	at java.base/java.util.HashMap$HashIterator.nextNode(HashMap.java:1607)
  	at java.base/java.util.HashMap$KeyIterator.next(HashMap.java:1628)
  	at CR3Test.testCase3_flightDepartedBlocksConfirmation(CR3Test.java:143)
  2) testCase1_confirmPendingReservation(CR3Test)
  java.util.NoSuchElementException
  	at java.base/java.util.HashMap$HashIterator.nextNode(HashMap.java:1607)
  	at java.base/java.util.HashMap$KeyIterator.next(HashMap.java:1628)
  	at CR3Test.testCase1_confirmPendingReservation(CR3Test.java:51)
  
  FAILURES!!!
  Tests run: 5,  Failures: 2
  
  
  ----------------------------------------------------

[✗ FAIL] CR4Test.java
  编译: ✓ 成功
  运行: ✗ 失败
  测试数: 2/5 通过，3 失败

  失败详情:
  ----------------------------------------------------
  There were 3 failures:
  1) testCase1_NoReservationsToCancel(CR4Test)
  java.lang.AssertionError: Close flight should return true
  	at org.junit.Assert.fail(Assert.java:89)
  	at org.junit.Assert.assertTrue(Assert.java:42)
  	at CR4Test.testCase1_NoReservationsToCancel(CR4Test.java:50)
  2) testCase4_CloseOnDepartureDayAfterDepartureTime(CR4Test)
  java.lang.AssertionError: Booking should be created successfully
  	at org.junit.Assert.fail(Assert.java:89)
  	at org.junit.Assert.assertTrue(Assert.java:42)
  	at CR4Test.testCase4_CloseOnDepartureDayAfterDepartureTime(CR4Test.java:191)
  3) testCase2_ThreeConfirmedReservationsCanceled(CR4Test)
  java.lang.AssertionError: Booking should be created successfully
  	at org.junit.Assert.fail(Assert.java:89)
  	at org.junit.Assert.assertTrue(Assert.java:42)
  	at CR4Test.testCase2_ThreeConfirmedReservationsCanceled(CR4Test.java:90)
  
  FAILURES!!!
  Tests run: 5,  Failures: 3
  
  
  ----------------------------------------------------

[✗ COMPILE ERROR] CR5Test.java
  编译: ✗ 失败
  运行: - 未执行

  编译错误:
  ----------------------------------------------------
  C:\Users\20936\Desktop\to张zq2\RESULT\RQ2\openai\gpt-oss-120b\AirlineFlights_sample5\src\test\CR5Test.java:49: 错误: 找不到符号
          flightF501.setId("F501");
                    ^
    符号:   方法 setId(String)
    位置: 类型为Flight的变量 flightF501
  C:\Users\20936\Desktop\to张zq2\RESULT\RQ2\openai\gpt-oss-120b\AirlineFlights_sample5\src\test\CR5Test.java:50: 错误: 找不到符号
          flightF502.setId("F502");
                    ^
    符号:   方法 setId(String)
    位置: 类型为Flight的变量 flightF502
  ----------------------------------------------------

[✗ FAIL] CR6Test.java
  编译: ✓ 成功
  运行: ✗ 失败
  测试数: 2/5 通过，3 失败

  失败详情:
  ----------------------------------------------------
  There were 3 failures:
  1) testCase5_attemptRemovalAfterDeparture(CR6Test)
  java.lang.AssertionError: Stopover deletion should fail after flight departure
  	at org.junit.Assert.fail(Assert.java:89)
  	at org.junit.Assert.assertTrue(Assert.java:42)
  	at org.junit.Assert.assertFalse(Assert.java:65)
  	at CR6Test.testCase5_attemptRemovalAfterDeparture(CR6Test.java:205)
  2) testCase3_deleteExistingStopover(CR6Test)
  java.lang.AssertionError: Existing stopover should be deleted successfully
  	at org.junit.Assert.fail(Assert.java:89)
  	at org.junit.Assert.assertTrue(Assert.java:42)
  	at CR6Test.testCase3_deleteExistingStopover(CR6Test.java:127)
  3) testCase1_addFirstStopoverInsideJourneyWindow(CR6Test)
  java.lang.AssertionError: Stopover should be added successfully
  	at org.junit.Assert.fail(Assert.java:89)
  	at org.junit.Assert.assertTrue(Assert.java:42)
  	at CR6Test.testCase1_addFirstStopoverInsideJourneyWindow(CR6Test.java:52)
  
  FAILURES!!!
  Tests run: 5,  Failures: 3
  
  
  ----------------------------------------------------

============================================================
统计摘要
============================================================
- FJC 编译: ✓ 成功
- 测试类总数: 6
- 编译成功: 5/6
- 测试通过: 0/5
- 测试失败: 5/5
============================================================