============================================================
VideoRental - Sample 5 测试详细报告
============================================================
生成时间: 2025-11-26 12:44:33

【FJC 编译】
状态: ✓ 成功

【测试执行结果】
============================================================

[✗ FAIL] CR1Test.java
  编译: ✓ 成功
  运行: ✗ 失败
  测试数: 0/5 通过，5 失败

  失败详情:
  ----------------------------------------------------
  There were 5 failures:
  1) testCase5_ReturnedFiveDaysLate(CR1Test)
  java.lang.UnsupportedOperationException
  	at java.base/java.util.Collections$UnmodifiableCollection.clear(Collections.java:1110)
  	at CR1Test.setUp(CR1Test.java:15)
  2) testCase1_ReturnedOneDayLate(CR1Test)
  java.lang.UnsupportedOperationException
  	at java.base/java.util.Collections$UnmodifiableCollection.clear(Collections.java:1110)
  	at CR1Test.setUp(CR1Test.java:15)
  3) testCase4_UnreturnedButNotOverdue(CR1Test)
  java.lang.UnsupportedOperationException
  	at java.base/java.util.Collections$UnmodifiableCollection.clear(Collections.java:1110)
  	at CR1Test.setUp(CR1Test.java:15)
  4) testCase2_UnreturnedAndThreeDaysOverdue(CR1Test)
  java.lang.UnsupportedOperationException
  	at java.base/java.util.Collections$UnmodifiableCollection.clear(Collections.java:1110)
  	at CR1Test.setUp(CR1Test.java:15)
  5) testCase3_ReturnedOnDueDate(CR1Test)
  java.lang.UnsupportedOperationException
  	at java.base/java.util.Collections$UnmodifiableCollection.clear(Collections.java:1110)
  	at CR1Test.setUp(CR1Test.java:15)
  
  FAILURES!!!
  Tests run: 5,  Failures: 5
  
  
  ----------------------------------------------------

[✓ PASS] CR2Test.java
  编译: ✓ 成功
  运行: ✓ 通过
  测试数: 5/5 通过

[✓ PASS] CR3Test.java
  编译: ✓ 成功
  运行: ✓ 通过
  测试数: 5/5 通过

[✗ FAIL] CR4Test.java
  编译: ✓ 成功
  运行: ✗ 失败
  测试数: 0/5 通过，5 失败

  失败详情:
  ----------------------------------------------------
  There were 5 failures:
  1) testCase4_MixedOverdueAndOnTimeRentals(CR4Test)
  java.lang.AssertionError: expected:<11.0> but was:<13.0>
  	at org.junit.Assert.fail(Assert.java:89)
  	at org.junit.Assert.failNotEquals(Assert.java:835)
  	at org.junit.Assert.assertEquals(Assert.java:555)
  	at org.junit.Assert.assertEquals(Assert.java:685)
  	at CR4Test.testCase4_MixedOverdueAndOnTimeRentals(CR4Test.java:200)
  2) testCase1_NoOverdueFees(CR4Test)
  java.lang.AssertionError: expected:<13.0> but was:<15.0>
  	at org.junit.Assert.fail(Assert.java:89)
  	at org.junit.Assert.failNotEquals(Assert.java:835)
  	at org.junit.Assert.assertEquals(Assert.java:555)
  	at org.junit.Assert.assertEquals(Assert.java:685)
  	at CR4Test.testCase1_NoOverdueFees(CR4Test.java:67)
  3) testCase5_UnreturnedTapeWithCurrentDateOverdue(CR4Test)
  java.lang.AssertionError: expected:<11.5> but was:<12.5>
  	at org.junit.Assert.fail(Assert.java:89)
  	at org.junit.Assert.failNotEquals(Assert.java:835)
  	at org.junit.Assert.assertEquals(Assert.java:555)
  	at org.junit.Assert.assertEquals(Assert.java:685)
  	at CR4Test.testCase5_UnreturnedTapeWithCurrentDateOverdue(CR4Test.java:235)
  4) testCase3_MultipleOverdueRentals(CR4Test)
  java.lang.AssertionError: expected:<19.5> but was:<21.5>
  	at org.junit.Assert.fail(Assert.java:89)
  	at org.junit.Assert.failNotEquals(Assert.java:835)
  	at org.junit.Assert.assertEquals(Assert.java:555)
  	at org.junit.Assert.assertEquals(Assert.java:685)
  	at CR4Test.testCase3_MultipleOverdueRentals(CR4Test.java:151)
  5) testCase2_OneOverdueRental(CR4Test)
  ----------------------------------------------------

[✗ FAIL] CR5Test.java
  编译: ✓ 成功
  运行: ✗ 失败
  测试数: -5/5 通过，10 失败

  失败详情:
  ----------------------------------------------------
  There were 10 failures:
  1) testCase4_MixedReturnedUnreturned(CR5Test)
  java.lang.UnsupportedOperationException
  	at java.base/java.util.Collections$UnmodifiableCollection.clear(Collections.java:1110)
  	at CR5Test.setUp(CR5Test.java:17)
  2) testCase4_MixedReturnedUnreturned(CR5Test)
  java.lang.UnsupportedOperationException
  	at java.base/java.util.Collections$UnmodifiableCollection.clear(Collections.java:1110)
  	at CR5Test.tearDown(CR5Test.java:23)
  3) testCase3_OneUnreturnedTape(CR5Test)
  java.lang.UnsupportedOperationException
  	at java.base/java.util.Collections$UnmodifiableCollection.clear(Collections.java:1110)
  	at CR5Test.setUp(CR5Test.java:17)
  4) testCase3_OneUnreturnedTape(CR5Test)
  java.lang.UnsupportedOperationException
  	at java.base/java.util.Collections$UnmodifiableCollection.clear(Collections.java:1110)
  	at CR5Test.tearDown(CR5Test.java:23)
  5) testCase5_MultipleUnreturnedTapes(CR5Test)
  java.lang.UnsupportedOperationException
  	at java.base/java.util.Collections$UnmodifiableCollection.clear(Collections.java:1110)
  	at CR5Test.setUp(CR5Test.java:17)
  6) testCase5_MultipleUnreturnedTapes(CR5Test)
  java.lang.UnsupportedOperationException
  	at java.base/java.util.Collections$UnmodifiableCollection.clear(Collections.java:1110)
  	at CR5Test.tearDown(CR5Test.java:23)
  7) testCase1_NoRentalsExist(CR5Test)
  java.lang.UnsupportedOperationException
  	at java.base/java.util.Collections$UnmodifiableCollection.clear(Collections.java:1110)
  	at CR5Test.setUp(CR5Test.java:17)
  8) testCase1_NoRentalsExist(CR5Test)
  ----------------------------------------------------

============================================================
统计摘要
============================================================
- FJC 编译: ✓ 成功
- 测试类总数: 5
- 编译成功: 5/5
- 测试通过: 2/5
- 测试失败: 3/5
============================================================