================================================================================
rideshare1 测试报告
================================================================================
生成时间: 2025-11-25 15:18:07
样本名称: rideshare1
总测试数: 25
通过: 16
失败: 9
总体结果: ✗ 有失败

================================================================================
测试详情
================================================================================

[✗ FAIL] CR1Test
  测试数: 5
  失败: 3

  失败详情:
  ----------------------------------------------------------------------------
  There were 3 failures:
  1) testCase5_BookingDeniedWhenCustomerHasOverlappingBooking(edu.rideshare.rideshare1.test.CR1Test)
  java.lang.AssertionError: Booking should be denied due to overlapping time periods
  	at org.junit.Assert.fail(Assert.java:89)
  	at org.junit.Assert.assertTrue(Assert.java:42)
  	at org.junit.Assert.assertFalse(Assert.java:65)
  	at edu.rideshare.rideshare1.test.CR1Test.testCase5_BookingDeniedWhenCustomerHasOverlappingBooking(CR1Test.java:207)
  2) testCase1_ValidBookingWithAvailableSeatsAndNoOverlap(edu.rideshare.rideshare1.test.CR1Test)
  java.lang.AssertionError: Booking should be eligible with available seats and no overlap
  	at org.junit.Assert.fail(Assert.java:89)
  	at org.junit.Assert.assertTrue(Assert.java:42)
  	at edu.rideshare.rideshare1.test.CR1Test.testCase1_ValidBookingWithAvailableSeatsAndNoOverlap(CR1Test.java:59)
  3) testCase3_BookingDeniedDueToTimeCutoffExactly2HoursBefore(edu.rideshare.rideshare1.test.CR1Test)
  java.lang.AssertionError: Booking should not be allowed even at exactly 2 hours before departure
  	at org.junit.Assert.fail(Assert.java:89)
  	at org.junit.Assert.assertTrue(Assert.java:42)
  	at org.junit.Assert.assertFalse(Assert.java:65)
  	at edu.rideshare.rideshare1.test.CR1Test.testCase3_BookingDeniedDueToTimeCutoffExactly2HoursBefore(CR1Test.java:123)
  
  FAILURES!!!
  Tests run: 5,  Failures: 3
  
  
  ----------------------------------------------------------------------------

[✓ PASS] CR2Test
  测试数: 5
  状态: 全部通过

[✓ PASS] CR3Test
  测试数: 5
  状态: 全部通过

[✗ FAIL] CR4Test
  测试数: 5
  失败: 5

  失败详情:
  ----------------------------------------------------------------------------
  There were 5 failures:
  1) testCase1_PointsCalculationWithMultipleBookings(edu.rideshare.rideshare1.test.CR4Test)
  java.lang.AssertionError: Total points should be 25 for 5 seats (2+3) * 5 points per seat expected:<25> but was:<30>
  	at org.junit.Assert.fail(Assert.java:89)
  	at org.junit.Assert.failNotEquals(Assert.java:835)
  	at org.junit.Assert.assertEquals(Assert.java:647)
  	at edu.rideshare.rideshare1.test.CR4Test.testCase1_PointsCalculationWithMultipleBookings(CR4Test.java:60)
  2) testCase4_MultipleSeatsEdgeCase(edu.rideshare.rideshare1.test.CR4Test)
  java.lang.AssertionError: 2 seats * 5 points = 10 expected:<10> but was:<20>
  	at org.junit.Assert.fail(Assert.java:89)
  	at org.junit.Assert.failNotEquals(Assert.java:835)
  	at org.junit.Assert.assertEquals(Assert.java:647)
  	at edu.rideshare.rideshare1.test.CR4Test.testCase4_MultipleSeatsEdgeCase(CR4Test.java:159)
  3) testCase3_PartialMonthInclusion(edu.rideshare.rideshare1.test.CR4Test)
  java.lang.AssertionError: Only December booking should count: 3 seats * 5 points = 15 expected:<15> but was:<40>
  	at org.junit.Assert.fail(Assert.java:89)
  	at org.junit.Assert.failNotEquals(Assert.java:835)
  	at org.junit.Assert.assertEquals(Assert.java:647)
  	at edu.rideshare.rideshare1.test.CR4Test.testCase3_PartialMonthInclusion(CR4Test.java:130)
  4) testCase5_LargeSeatQuantity(edu.rideshare.rideshare1.test.CR4Test)
  java.lang.AssertionError: Customer C8 should have 500 points (100 seats * 5 points) expected:<500> but was:<35>
  	at org.junit.Assert.fail(Assert.java:89)
  	at org.junit.Assert.failNotEquals(Assert.java:835)
  	at org.junit.Assert.assertEquals(Assert.java:647)
  	at edu.rideshare.rideshare1.test.CR4Test.testCase5_LargeSeatQuantity(CR4Test.java:217)
  5) testCase2_ZeroPointsWithExpiredBookings(edu.rideshare.rideshare1.test.CR4Test)
  java.lang.AssertionError: No points should be awarded for bookings outside target month expected:<0> but was:<10>
  	at org.junit.Assert.fail(Assert.java:89)
  	at org.junit.Assert.failNotEquals(Assert.java:835)
  	at org.junit.Assert.assertEquals(Assert.java:647)
  ----------------------------------------------------------------------------

[✗ FAIL] CR5Test
  测试数: 5
  失败: 1

  失败详情:
  ----------------------------------------------------------------------------
  There was 1 failure:
  1) testCase3_BackToBackTripsAllowed(edu.rideshare.rideshare1.test.CR5Test)
  java.lang.AssertionError: Back-to-back trips should be allowed
  	at org.junit.Assert.fail(Assert.java:89)
  	at org.junit.Assert.assertTrue(Assert.java:42)
  	at edu.rideshare.rideshare1.test.CR5Test.testCase3_BackToBackTripsAllowed(CR5Test.java:82)
  
  FAILURES!!!
  Tests run: 5,  Failures: 1
  
  
  ----------------------------------------------------------------------------

================================================================================
测试摘要
================================================================================
测试类总数: 5
总测试数: 25
通过: 16
失败: 9
成功率: 64.0%
================================================================================