================================================================================
flights1 测试报告
================================================================================
生成时间: 2025-11-27 12:59:05
样本名称: flights1
总测试数: 30
通过: 27
失败: 3
总体结果: ✗ 有失败

================================================================================
测试详情
================================================================================

[✓ PASS] CR1Test
  测试数: 5
  状态: 全部通过

[✗ FAIL] CR2Test
  测试数: 5
  失败: 1

  失败详情:
  ----------------------------------------------------------------------------
  There was 1 failure:
  1) testCase1_TwoNewPassengersSucceed(edu.flights.flights1.test.CR2Test)
  org.junit.ComparisonFailure: First passenger should be Peter expected:<[Peter]> but was:<[Beck]>
  	at org.junit.Assert.assertEquals(Assert.java:117)
  	at edu.flights.flights1.test.CR2Test.testCase1_TwoNewPassengersSucceed(CR2Test.java:60)
  
  FAILURES!!!
  Tests run: 5,  Failures: 1
  
  
  ----------------------------------------------------------------------------

[✗ FAIL] CR3Test
  测试数: 5
  失败: 1

  失败详情:
  ----------------------------------------------------------------------------
  There was 1 failure:
  1) testCase4_ClosedFlightBlocksCancellation(edu.flights.flights1.test.CR3Test)
  java.lang.AssertionError: Cancellation should fail when flight is closed
  	at org.junit.Assert.fail(Assert.java:89)
  	at org.junit.Assert.assertTrue(Assert.java:42)
  	at org.junit.Assert.assertFalse(Assert.java:65)
  	at edu.flights.flights1.test.CR3Test.testCase4_ClosedFlightBlocksCancellation(CR3Test.java:203)
  
  FAILURES!!!
  Tests run: 5,  Failures: 1
  
  
  ----------------------------------------------------------------------------

[✓ PASS] CR4Test
  测试数: 5
  状态: 全部通过

[✓ PASS] CR5Test
  测试数: 5
  状态: 全部通过

[✗ FAIL] CR6Test
  测试数: 5
  失败: 1

  失败详情:
  ----------------------------------------------------------------------------
  There was 1 failure:
  1) testCase4_FlightClosedPreventsModification(edu.flights.flights1.test.CR6Test)
  java.lang.AssertionError: Stopover should not be added to closed flight
  	at org.junit.Assert.fail(Assert.java:89)
  	at org.junit.Assert.assertTrue(Assert.java:42)
  	at org.junit.Assert.assertFalse(Assert.java:65)
  	at edu.flights.flights1.test.CR6Test.testCase4_FlightClosedPreventsModification(CR6Test.java:200)
  
  FAILURES!!!
  Tests run: 5,  Failures: 1
  
  
  ----------------------------------------------------------------------------

================================================================================
测试摘要
================================================================================
测试类总数: 6
总测试数: 30
通过: 27
失败: 3
成功率: 90.0%
================================================================================