================================================================================
fleet1 测试报告
================================================================================
生成时间: 2025-11-25 15:17:35
样本名称: fleet1
总测试数: 20
通过: 17
失败: 3
总体结果: ✗ 有失败

================================================================================
测试详情
================================================================================

[✓ PASS] CR1Test
  测试数: 5
  状态: 全部通过

[✓ PASS] CR2Test
  测试数: 5
  状态: 全部通过

[✗ FAIL] CR3Test
  测试数: 5
  失败: 3

  失败详情:
  ----------------------------------------------------------------------------
  There were 3 failures:
  1) testCase3_CountRentedVehiclesAllRented(edu.fleet.fleet1.test.CR3Test)
  java.lang.AssertionError: Should return 5 when all vehicles are rented expected:<5> but was:<0>
  	at org.junit.Assert.fail(Assert.java:89)
  	at org.junit.Assert.failNotEquals(Assert.java:835)
  	at org.junit.Assert.assertEquals(Assert.java:647)
  	at edu.fleet.fleet1.test.CR3Test.testCase3_CountRentedVehiclesAllRented(CR3Test.java:124)
  2) testCase2_CountRentedVehiclesWithTwoRentedVehicles(edu.fleet.fleet1.test.CR3Test)
  java.lang.AssertionError: Should return 2 when two rented vehicles exist expected:<2> but was:<0>
  	at org.junit.Assert.fail(Assert.java:89)
  	at org.junit.Assert.failNotEquals(Assert.java:835)
  	at org.junit.Assert.assertEquals(Assert.java:647)
  	at edu.fleet.fleet1.test.CR3Test.testCase2_CountRentedVehiclesWithTwoRentedVehicles(CR3Test.java:86)
  3) testCase4_CountRentedVehiclesWithMixedVehicleTypes(edu.fleet.fleet1.test.CR3Test)
  java.lang.AssertionError: Should return 2 when two rented vehicles exist among mixed types expected:<2> but was:<0>
  	at org.junit.Assert.fail(Assert.java:89)
  	at org.junit.Assert.failNotEquals(Assert.java:835)
  	at org.junit.Assert.assertEquals(Assert.java:647)
  	at edu.fleet.fleet1.test.CR3Test.testCase4_CountRentedVehiclesWithMixedVehicleTypes(CR3Test.java:166)
  
  FAILURES!!!
  Tests run: 5,  Failures: 3
  
  
  ----------------------------------------------------------------------------

[✓ PASS] CR4Test
  测试数: 5
  状态: 全部通过

================================================================================
测试摘要
================================================================================
测试类总数: 4
总测试数: 20
通过: 17
失败: 3
成功率: 85.0%
================================================================================