================================================================================
videorental1 测试报告
================================================================================
生成时间: 2025-11-27 13:06:33
样本名称: videorental1
总测试数: 25
通过: 23
失败: 2
总体结果: ✗ 有失败

================================================================================
测试详情
================================================================================

[✓ PASS] CR1Test
  测试数: 5
  状态: 全部通过

[✓ PASS] CR2Test
  测试数: 5
  状态: 全部通过

[✓ PASS] CR3Test
  测试数: 5
  状态: 全部通过

[✗ FAIL] CR4Test
  测试数: 5
  失败: 2

  失败详情:
  ----------------------------------------------------------------------------
  There were 2 failures:
  1) testCase4_MixedOverdueAndOnTimeRentals(edu.videorental.videorental1.test.CR4Test)
  java.lang.AssertionError: expected:<11.0> but was:<20.0>
  	at org.junit.Assert.fail(Assert.java:89)
  	at org.junit.Assert.failNotEquals(Assert.java:835)
  	at org.junit.Assert.assertEquals(Assert.java:555)
  	at org.junit.Assert.assertEquals(Assert.java:685)
  	at edu.videorental.videorental1.test.CR4Test.testCase4_MixedOverdueAndOnTimeRentals(CR4Test.java:156)
  2) testCase3_MultipleOverdueRentals(edu.videorental.videorental1.test.CR4Test)
  java.lang.AssertionError: expected:<19.5> but was:<28.5>
  	at org.junit.Assert.fail(Assert.java:89)
  	at org.junit.Assert.failNotEquals(Assert.java:835)
  	at org.junit.Assert.assertEquals(Assert.java:555)
  	at org.junit.Assert.assertEquals(Assert.java:685)
  	at edu.videorental.videorental1.test.CR4Test.testCase3_MultipleOverdueRentals(CR4Test.java:120)
  
  FAILURES!!!
  Tests run: 5,  Failures: 2
  
  
  ----------------------------------------------------------------------------

[✓ PASS] CR5Test
  测试数: 5
  状态: 全部通过

================================================================================
测试摘要
================================================================================
测试类总数: 5
总测试数: 25
通过: 23
失败: 2
成功率: 92.0%
================================================================================