============================================================
OFDS - Sample 2 测试详细报告
============================================================
生成时间: 2025-11-26 09:06:18

【FJC 编译】
状态: ✓ 成功

【测试执行结果】
============================================================

[✓ PASS] CR1Test.java
  编译: ✓ 成功
  运行: ✓ 通过
  测试数: 5/5 通过

[✗ FAIL] CR2Test.java
  编译: ✓ 成功
  运行: ✗ 失败
  测试数: 2/5 通过，3 失败

  失败详情:
  ----------------------------------------------------
  There were 3 failures:
  1) testCase4_MultipleDriversForOneVehicle(CR2Test)
  java.lang.AssertionError: expected:<[PQR777, STU888]> but was:<[]>
  	at org.junit.Assert.fail(Assert.java:89)
  	at org.junit.Assert.failNotEquals(Assert.java:835)
  	at org.junit.Assert.assertEquals(Assert.java:120)
  	at org.junit.Assert.assertEquals(Assert.java:146)
  	at CR2Test.testCase4_MultipleDriversForOneVehicle(CR2Test.java:207)
  2) testCase1_SinglePartTimeEmployeeVehicleRetrieval(CR2Test)
  java.lang.AssertionError: expected:<[ABC123, XYZ789]> but was:<[]>
  	at org.junit.Assert.fail(Assert.java:89)
  	at org.junit.Assert.failNotEquals(Assert.java:835)
  	at org.junit.Assert.assertEquals(Assert.java:120)
  	at org.junit.Assert.assertEquals(Assert.java:146)
  	at CR2Test.testCase1_SinglePartTimeEmployeeVehicleRetrieval(CR2Test.java:64)
  3) testCase3_MixedEmployeesAndVehicles(CR2Test)
  java.lang.AssertionError: expected:<[DEF333]> but was:<[]>
  	at org.junit.Assert.fail(Assert.java:89)
  	at org.junit.Assert.failNotEquals(Assert.java:835)
  	at org.junit.Assert.assertEquals(Assert.java:120)
  	at org.junit.Assert.assertEquals(Assert.java:146)
  	at CR2Test.testCase3_MixedEmployeesAndVehicles(CR2Test.java:159)
  
  FAILURES!!!
  Tests run: 5,  Failures: 3
  
  
  ----------------------------------------------------

[✓ PASS] CR3Test.java
  编译: ✓ 成功
  运行: ✓ 通过
  测试数: 5/5 通过

[✓ PASS] CR4Test.java
  编译: ✓ 成功
  运行: ✓ 通过
  测试数: 5/5 通过

============================================================
统计摘要
============================================================
- FJC 编译: ✓ 成功
- 测试类总数: 4
- 编译成功: 4/4
- 测试通过: 3/4
- 测试失败: 1/4
============================================================