================================================================================
rideshare2 测试报告
================================================================================
生成时间: 2025-11-25 15:18:12
样本名称: rideshare2
总测试数: 25
通过: 16
失败: 9
总体结果: ✗ 有失败

================================================================================
测试详情
================================================================================

[✗ FAIL] CR1Test
  测试数: 5
  失败: 1

  失败详情:
  ----------------------------------------------------------------------------
  There was 1 failure:
  1) testCase5_BookingDeniedWhenCustomerHasOverlappingBooking(edu.rideshare.rideshare2.test.CR1Test)
  java.lang.AssertionError: Booking should be denied due to overlapping trips
  	at org.junit.Assert.fail(Assert.java:89)
  	at org.junit.Assert.assertTrue(Assert.java:42)
  	at org.junit.Assert.assertFalse(Assert.java:65)
  	at edu.rideshare.rideshare2.test.CR1Test.testCase5_BookingDeniedWhenCustomerHasOverlappingBooking(CR1Test.java:224)
  
  FAILURES!!!
  Tests run: 5,  Failures: 1
  
  
  ----------------------------------------------------------------------------

[✗ FAIL] CR2Test
  测试数: 5
  失败: 2

  失败详情:
  ----------------------------------------------------------------------------
  There were 2 failures:
  1) testCase3_Exact24HourBoundaryForDiscount(edu.rideshare.rideshare2.test.CR2Test)
  java.lang.AssertionError: expected:<80.0> but was:<100.0>
  	at org.junit.Assert.fail(Assert.java:89)
  	at org.junit.Assert.failNotEquals(Assert.java:835)
  	at org.junit.Assert.assertEquals(Assert.java:555)
  	at org.junit.Assert.assertEquals(Assert.java:685)
  	at edu.rideshare.rideshare2.test.CR2Test.testCase3_Exact24HourBoundaryForDiscount(CR2Test.java:94)
  2) testCase1_20PercentDiscountAppliedForEarlyBooking(edu.rideshare.rideshare2.test.CR2Test)
  java.lang.AssertionError: expected:<80.0> but was:<100.0>
  	at org.junit.Assert.fail(Assert.java:89)
  	at org.junit.Assert.failNotEquals(Assert.java:835)
  	at org.junit.Assert.assertEquals(Assert.java:555)
  	at org.junit.Assert.assertEquals(Assert.java:685)
  	at edu.rideshare.rideshare2.test.CR2Test.testCase1_20PercentDiscountAppliedForEarlyBooking(CR2Test.java:46)
  
  FAILURES!!!
  Tests run: 5,  Failures: 2
  
  
  ----------------------------------------------------------------------------

[✓ PASS] CR3Test
  测试数: 5
  状态: 全部通过

[✗ FAIL] CR4Test
  测试数: 5
  失败: 5

  失败详情:
  ----------------------------------------------------------------------------
  There were 5 failures:
  1) testCase1_PointsCalculationWithMultipleBookings(edu.rideshare.rideshare2.test.CR4Test)
  java.lang.StackOverflowError
  	at org.eclipse.emf.ecore.impl.MinimalEObjectImpl.eIsProxy(MinimalEObjectImpl.java:740)
  	at org.eclipse.emf.ecore.util.EcoreEList.resolveProxy(EcoreEList.java:205)
  	at org.eclipse.emf.ecore.util.EcoreEList.resolve(EcoreEList.java:160)
  	at org.eclipse.emf.ecore.util.EObjectWithInverseResolvingEList.resolve(EObjectWithInverseResolvingEList.java:93)
  	at org.eclipse.emf.common.util.BasicEList.get(BasicEList.java:347)
  	at org.eclipse.emf.common.util.AbstractEList$EIterator.doNext(AbstractEList.java:698)
  	at org.eclipse.emf.common.util.AbstractEList$EIterator.next(AbstractEList.java:685)
  	at edu.rideshare.Customer.computeMonthlyRewardPoints(Customer.java:173)
  	at edu.rideshare.Trip.calculateMonthlyPoints(Trip.java:601)
  	at edu.rideshare.Customer.computeMonthlyRewardPoints(Customer.java:176)
  	at edu.rideshare.Trip.calculateMonthlyPoints(Trip.java:601)
  	at edu.rideshare.Customer.computeMonthlyRewardPoints(Customer.java:176)
  	at edu.rideshare.Trip.calculateMonthlyPoints(Trip.java:601)
  	at edu.rideshare.Customer.computeMonthlyRewardPoints(Customer.java:176)
  	at edu.rideshare.Trip.calculateMonthlyPoints(Trip.java:601)
  	at edu.rideshare.Customer.computeMonthlyRewardPoints(Customer.java:176)
  	at edu.rideshare.Trip.calculateMonthlyPoints(Trip.java:601)
  	at edu.rideshare.Customer.computeMonthlyRewardPoints(Customer.java:176)
  	at edu.rideshare.Trip.calculateMonthlyPoints(Trip.java:601)
  	at edu.rideshare.Customer.computeMonthlyRewardPoints(Customer.java:176)
  	at edu.rideshare.Trip.calculateMonthlyPoints(Trip.java:601)
  	at edu.rideshare.Customer.computeMonthlyRewardPoints(Customer.java:176)
  	at edu.rideshare.Trip.calculateMonthlyPoints(Trip.java:601)
  	at edu.rideshare.Customer.computeMonthlyRewardPoints(Customer.java:176)
  	at edu.rideshare.Trip.calculateMonthlyPoints(Trip.java:601)
  	at edu.rideshare.Customer.computeMonthlyRewardPoints(Customer.java:176)
  	at edu.rideshare.Trip.calculateMonthlyPoints(Trip.java:601)
  ----------------------------------------------------------------------------

[✗ FAIL] CR5Test
  测试数: 5
  失败: 1

  失败详情:
  ----------------------------------------------------------------------------
  There was 1 failure:
  1) testCase3_BackToBackTripsAllowed(edu.rideshare.rideshare2.test.CR5Test)
  java.lang.AssertionError: Back-to-back trips should be allowed
  	at org.junit.Assert.fail(Assert.java:89)
  	at org.junit.Assert.assertTrue(Assert.java:42)
  	at edu.rideshare.rideshare2.test.CR5Test.testCase3_BackToBackTripsAllowed(CR5Test.java:88)
  
  FAILURES!!!
  Tests run: 5,  Failures: 1
  
  
  ----------------------------------------------------------------------------

================================================================================
测试摘要
================================================================================
测试类总数: 5
总测试数: 25
通过: 16
失败: 9
成功率: 64.0%
================================================================================