================================================================================
videorental5 测试报告
================================================================================
生成时间: 2025-11-27 13:06:53
样本名称: videorental5
总测试数: 25
通过: 21
失败: 4
总体结果: ✗ 有失败

================================================================================
测试详情
================================================================================

[✓ PASS] CR1Test
  测试数: 5
  状态: 全部通过

[✓ PASS] CR2Test
  测试数: 5
  状态: 全部通过

[✓ PASS] CR3Test
  测试数: 5
  状态: 全部通过

[✗ FAIL] CR4Test
  测试数: 5
  失败: 4

  失败详情:
  ----------------------------------------------------------------------------
  There were 4 failures:
  1) testCase4_MixedOverdueAndOnTimeRentals(edu.videorental.videorental5.test.CR4Test)
  java.lang.AssertionError: expected:<11.0> but was:<30.0>
  	at org.junit.Assert.fail(Assert.java:89)
  	at org.junit.Assert.failNotEquals(Assert.java:835)
  	at org.junit.Assert.assertEquals(Assert.java:555)
  	at org.junit.Assert.assertEquals(Assert.java:685)
  	at edu.videorental.videorental5.test.CR4Test.testCase4_MixedOverdueAndOnTimeRentals(CR4Test.java:180)
  2) testCase1_NoOverdueFees(edu.videorental.videorental5.test.CR4Test)
  java.lang.AssertionError: expected:<13.0> but was:<38.0>
  	at org.junit.Assert.fail(Assert.java:89)
  	at org.junit.Assert.failNotEquals(Assert.java:835)
  	at org.junit.Assert.assertEquals(Assert.java:555)
  	at org.junit.Assert.assertEquals(Assert.java:685)
  	at edu.videorental.videorental5.test.CR4Test.testCase1_NoOverdueFees(CR4Test.java:67)
  3) testCase3_MultipleOverdueRentals(edu.videorental.videorental5.test.CR4Test)
  java.lang.AssertionError: expected:<19.5> but was:<32.5>
  	at org.junit.Assert.fail(Assert.java:89)
  	at org.junit.Assert.failNotEquals(Assert.java:835)
  	at org.junit.Assert.assertEquals(Assert.java:555)
  	at org.junit.Assert.assertEquals(Assert.java:685)
  	at edu.videorental.videorental5.test.CR4Test.testCase3_MultipleOverdueRentals(CR4Test.java:137)
  4) testCase2_OneOverdueRental(edu.videorental.videorental5.test.CR4Test)
  java.lang.AssertionError: expected:<14.5> but was:<22.5>
  	at org.junit.Assert.fail(Assert.java:89)
  	at org.junit.Assert.failNotEquals(Assert.java:835)
  	at org.junit.Assert.assertEquals(Assert.java:555)
  	at org.junit.Assert.assertEquals(Assert.java:685)
  	at edu.videorental.videorental5.test.CR4Test.testCase2_OneOverdueRental(CR4Test.java:94)
  
  ----------------------------------------------------------------------------

[✓ PASS] CR5Test
  测试数: 5
  状态: 全部通过

================================================================================
测试摘要
================================================================================
测试类总数: 5
总测试数: 25
通过: 21
失败: 4
成功率: 84.0%
================================================================================