================================================================================
employee2 测试报告
================================================================================
生成时间: 2025-11-25 15:15:29
样本名称: employee2
总测试数: 25
通过: 11
失败: 14
总体结果: ✗ 有失败

================================================================================
测试详情
================================================================================

[✗ FAIL] CR1Test
  测试数: 5
  失败: 5

  失败详情:
  ----------------------------------------------------------------------------
  There were 5 failures:
  1) testCase1_CalculateTotalSalaryForCompanyWithSingleWorker(edu.employee.employee2.test.CR1Test)
  java.lang.AssertionError: expected:<800.0> but was:<0.0>
  	at org.junit.Assert.fail(Assert.java:89)
  	at org.junit.Assert.failNotEquals(Assert.java:835)
  	at org.junit.Assert.assertEquals(Assert.java:555)
  	at org.junit.Assert.assertEquals(Assert.java:685)
  	at edu.employee.employee2.test.CR1Test.testCase1_CalculateTotalSalaryForCompanyWithSingleWorker(CR1Test.java:43)
  2) testCase2_CalculateTotalSalaryForCompanyWithSingleSalesPerson(edu.employee.employee2.test.CR1Test)
  java.lang.AssertionError: expected:<3200.0> but was:<0.0>
  	at org.junit.Assert.fail(Assert.java:89)
  	at org.junit.Assert.failNotEquals(Assert.java:835)
  	at org.junit.Assert.assertEquals(Assert.java:555)
  	at org.junit.Assert.assertEquals(Assert.java:685)
  	at edu.employee.employee2.test.CR1Test.testCase2_CalculateTotalSalaryForCompanyWithSingleSalesPerson(CR1Test.java:69)
  3) testCase4_CalculateTotalSalaryForCompanyWithWorkerSalesPersonAndManager(edu.employee.employee2.test.CR1Test)
  java.lang.AssertionError: expected:<8595.0> but was:<0.0>
  	at org.junit.Assert.fail(Assert.java:89)
  	at org.junit.Assert.failNotEquals(Assert.java:835)
  	at org.junit.Assert.assertEquals(Assert.java:555)
  	at org.junit.Assert.assertEquals(Assert.java:685)
  	at edu.employee.employee2.test.CR1Test.testCase4_CalculateTotalSalaryForCompanyWithWorkerSalesPersonAndManager(CR1Test.java:140)
  4) testCase3_CalculateTotalSalaryForCompanyWithSingleManager(edu.employee.employee2.test.CR1Test)
  java.lang.AssertionError: expected:<5000.0> but was:<0.0>
  	at org.junit.Assert.fail(Assert.java:89)
  	at org.junit.Assert.failNotEquals(Assert.java:835)
  	at org.junit.Assert.assertEquals(Assert.java:555)
  	at org.junit.Assert.assertEquals(Assert.java:685)
  	at edu.employee.employee2.test.CR1Test.testCase3_CalculateTotalSalaryForCompanyWithSingleManager(CR1Test.java:94)
  5) testCase5_CalculateTotalSalaryForCompanyWithMultipleWorkers(edu.employee.employee2.test.CR1Test)
  ----------------------------------------------------------------------------

[✗ FAIL] CR2Test
  测试数: 5
  失败: 3

  失败详情:
  ----------------------------------------------------------------------------
  There were 3 failures:
  1) testCase5_deliveryDepartmentMixedWithOtherDepartments(edu.employee.employee2.test.CR2Test)
  java.lang.AssertionError: expected:<28.33> but was:<40.0>
  	at org.junit.Assert.fail(Assert.java:89)
  	at org.junit.Assert.failNotEquals(Assert.java:835)
  	at org.junit.Assert.assertEquals(Assert.java:555)
  	at org.junit.Assert.assertEquals(Assert.java:685)
  	at edu.employee.employee2.test.CR2Test.testCase5_deliveryDepartmentMixedWithOtherDepartments(CR2Test.java:147)
  2) testCase2_multipleWorkersSameHours(edu.employee.employee2.test.CR2Test)
  java.lang.AssertionError: expected:<35.0> but was:<40.0>
  	at org.junit.Assert.fail(Assert.java:89)
  	at org.junit.Assert.failNotEquals(Assert.java:835)
  	at org.junit.Assert.assertEquals(Assert.java:555)
  	at org.junit.Assert.assertEquals(Assert.java:685)
  	at edu.employee.employee2.test.CR2Test.testCase2_multipleWorkersSameHours(CR2Test.java:66)
  3) testCase3_multipleWorkersDifferentHours(edu.employee.employee2.test.CR2Test)
  java.lang.AssertionError: expected:<25.0> but was:<40.0>
  	at org.junit.Assert.fail(Assert.java:89)
  	at org.junit.Assert.failNotEquals(Assert.java:835)
  	at org.junit.Assert.assertEquals(Assert.java:555)
  	at org.junit.Assert.assertEquals(Assert.java:685)
  	at edu.employee.employee2.test.CR2Test.testCase3_multipleWorkersDifferentHours(CR2Test.java:91)
  
  FAILURES!!!
  Tests run: 5,  Failures: 3
  
  
  ----------------------------------------------------------------------------

[✗ FAIL] CR3Test
  测试数: 5
  失败: 3

  失败详情:
  ----------------------------------------------------------------------------
  There were 3 failures:
  1) testCase5_MultipleSalespersonsWithMixedSales(edu.employee.employee2.test.CR3Test)
  java.lang.AssertionError: expected:<1120.0> but was:<0.0>
  	at org.junit.Assert.fail(Assert.java:89)
  	at org.junit.Assert.failNotEquals(Assert.java:835)
  	at org.junit.Assert.assertEquals(Assert.java:555)
  	at org.junit.Assert.assertEquals(Assert.java:685)
  	at edu.employee.employee2.test.CR3Test.testCase5_MultipleSalespersonsWithMixedSales(CR3Test.java:117)
  2) testCase3_MultipleSalespersonsWithNonZeroSales(edu.employee.employee2.test.CR3Test)
  java.lang.AssertionError: expected:<900.0> but was:<0.0>
  	at org.junit.Assert.fail(Assert.java:89)
  	at org.junit.Assert.failNotEquals(Assert.java:835)
  	at org.junit.Assert.assertEquals(Assert.java:555)
  	at org.junit.Assert.assertEquals(Assert.java:685)
  	at edu.employee.employee2.test.CR3Test.testCase3_MultipleSalespersonsWithNonZeroSales(CR3Test.java:71)
  3) testCase1_SingleSalespersonWithNonZeroSales(edu.employee.employee2.test.CR3Test)
  java.lang.AssertionError: expected:<100.0> but was:<0.0>
  	at org.junit.Assert.fail(Assert.java:89)
  	at org.junit.Assert.failNotEquals(Assert.java:835)
  	at org.junit.Assert.assertEquals(Assert.java:555)
  	at org.junit.Assert.assertEquals(Assert.java:685)
  	at edu.employee.employee2.test.CR3Test.testCase1_SingleSalespersonWithNonZeroSales(CR3Test.java:38)
  
  FAILURES!!!
  Tests run: 5,  Failures: 3
  
  
  ----------------------------------------------------------------------------

[✗ FAIL] CR4Test
  测试数: 5
  失败: 3

  失败详情:
  ----------------------------------------------------------------------------
  There were 3 failures:
  1) testCase4_multipleShiftWorkersSomeZeroPremiums(edu.employee.employee2.test.CR4Test)
  java.lang.AssertionError: Total holiday premiums should be 400.00 for shift workers with some zero premiums expected:<400.0> but was:<0.0>
  	at org.junit.Assert.fail(Assert.java:89)
  	at org.junit.Assert.failNotEquals(Assert.java:835)
  	at org.junit.Assert.assertEquals(Assert.java:555)
  	at edu.employee.employee2.test.CR4Test.testCase4_multipleShiftWorkersSomeZeroPremiums(CR4Test.java:108)
  2) testCase3_multipleShiftWorkersDifferentPremiums(edu.employee.employee2.test.CR4Test)
  java.lang.AssertionError: Total holiday premiums should be 900.00 for three shift workers with different premiums expected:<900.0> but was:<0.0>
  	at org.junit.Assert.fail(Assert.java:89)
  	at org.junit.Assert.failNotEquals(Assert.java:835)
  	at org.junit.Assert.assertEquals(Assert.java:555)
  	at edu.employee.employee2.test.CR4Test.testCase3_multipleShiftWorkersDifferentPremiums(CR4Test.java:77)
  3) testCase2_oneShiftWorkerWithPremium(edu.employee.employee2.test.CR4Test)
  java.lang.AssertionError: Total holiday premiums should be 500.00 for one shift worker expected:<500.0> but was:<0.0>
  	at org.junit.Assert.fail(Assert.java:89)
  	at org.junit.Assert.failNotEquals(Assert.java:835)
  	at org.junit.Assert.assertEquals(Assert.java:555)
  	at edu.employee.employee2.test.CR4Test.testCase2_oneShiftWorkerWithPremium(CR4Test.java:51)
  
  FAILURES!!!
  Tests run: 5,  Failures: 3
  
  
  ----------------------------------------------------------------------------

[✓ PASS] CR5Test
  测试数: 5
  状态: 全部通过

================================================================================
测试摘要
================================================================================
测试类总数: 5
总测试数: 25
通过: 11
失败: 14
成功率: 44.0%
================================================================================