================================================================================
flights5 测试报告
================================================================================
生成时间: 2025-11-27 12:59:30
样本名称: flights5
总测试数: 30
通过: 25
失败: 5
总体结果: ✗ 有失败

================================================================================
测试详情
================================================================================

[✗ FAIL] CR1Test
  测试数: 5
  失败: 2

  失败详情:
  ----------------------------------------------------------------------------
  There were 2 failures:
  1) testCase1_CorrectScheduleAndRoute(edu.flights.flights5.test.CR1Test)
  java.lang.NullPointerException: Cannot invoke "org.eclipse.emf.common.util.EList.iterator()" because "this.flights" is null
  	at edu.flights.Airline.publishFlight(Airline.java:226)
  	at edu.flights.flights5.test.CR1Test.testCase1_CorrectScheduleAndRoute(CR1Test.java:56)
  2) testCase5_SecondPublishAttempt(edu.flights.flights5.test.CR1Test)
  java.lang.NullPointerException: Cannot invoke "org.eclipse.emf.common.util.EList.iterator()" because "this.flights" is null
  	at edu.flights.Airline.publishFlight(Airline.java:226)
  	at edu.flights.flights5.test.CR1Test.testCase5_SecondPublishAttempt(CR1Test.java:199)
  
  FAILURES!!!
  Tests run: 5,  Failures: 2
  
  
  ----------------------------------------------------------------------------

[✗ FAIL] CR2Test
  测试数: 5
  失败: 1

  失败详情:
  ----------------------------------------------------------------------------
  There was 1 failure:
  1) testCase1_TwoNewPassengersSucceed(edu.flights.flights5.test.CR2Test)
  org.junit.ComparisonFailure: First passenger should be Peter expected:<[Peter]> but was:<[Beck]>
  	at org.junit.Assert.assertEquals(Assert.java:117)
  	at edu.flights.flights5.test.CR2Test.testCase1_TwoNewPassengersSucceed(CR2Test.java:60)
  
  FAILURES!!!
  Tests run: 5,  Failures: 1
  
  
  ----------------------------------------------------------------------------

[✓ PASS] CR3Test
  测试数: 5
  状态: 全部通过

[✗ FAIL] CR4Test
  测试数: 5
  失败: 1

  失败详情:
  ----------------------------------------------------------------------------
  There was 1 failure:
  1) testCase2_ThreeConfirmedReservationsCanceled(edu.flights.flights5.test.CR4Test)
  java.lang.AssertionError: Reservation should be cancelled expected:<CANCELLED> but was:<CONFIRMED>
  	at org.junit.Assert.fail(Assert.java:89)
  	at org.junit.Assert.failNotEquals(Assert.java:835)
  	at org.junit.Assert.assertEquals(Assert.java:120)
  	at edu.flights.flights5.test.CR4Test.testCase2_ThreeConfirmedReservationsCanceled(CR4Test.java:107)
  
  FAILURES!!!
  Tests run: 5,  Failures: 1
  
  
  ----------------------------------------------------------------------------

[✓ PASS] CR5Test
  测试数: 5
  状态: 全部通过

[✗ FAIL] CR6Test
  测试数: 5
  失败: 1

  失败详情:
  ----------------------------------------------------------------------------
  There was 1 failure:
  1) testCase1_AddFirstStopoverInsideJourneyWindow(edu.flights.flights5.test.CR6Test)
  java.lang.AssertionError: Stopover should be added successfully
  	at org.junit.Assert.fail(Assert.java:89)
  	at org.junit.Assert.assertTrue(Assert.java:42)
  	at edu.flights.flights5.test.CR6Test.testCase1_AddFirstStopoverInsideJourneyWindow(CR6Test.java:63)
  
  FAILURES!!!
  Tests run: 5,  Failures: 1
  
  
  ----------------------------------------------------------------------------

================================================================================
测试摘要
================================================================================
测试类总数: 6
总测试数: 30
通过: 25
失败: 5
成功率: 83.3%
================================================================================