================================================================================
pets2 测试报告
================================================================================
生成时间: 2025-11-24 21:34:24
样本名称: pets2
总测试数: 25
通过: 21
失败: 4
总体结果: ✗ 有失败

================================================================================
测试详情
================================================================================

[✓ PASS] CR1Test
  测试数: 5
  状态: 全部通过

[✓ PASS] CR2Test
  测试数: 5
  状态: 全部通过

[✓ PASS] CR3Test
  测试数: 5
  状态: 全部通过

[✓ PASS] CR4Test
  测试数: 5
  状态: 全部通过

[✗ FAIL] CR5Test
  测试数: 5
  失败: 4

  失败详情:
  ----------------------------------------------------------------------------
  There were 4 failures:
  1) testCase2_CountAfterAdditions(edu.pets.pets2.test.CR5Test)
  java.lang.NullPointerException: Cannot invoke "String.equalsIgnoreCase(String)" because "<parameter1>" is null
  	at edu.pets.House.getPetCount(House.java:215)
  	at edu.pets.pets2.test.CR5Test.testCase2_CountAfterAdditions(CR5Test.java:63)
  2) testCase5_CountBoundary10PlusPets(edu.pets.pets2.test.CR5Test)
  java.lang.NullPointerException: Cannot invoke "String.equalsIgnoreCase(String)" because "<parameter1>" is null
  	at edu.pets.House.getPetCount(House.java:215)
  	at edu.pets.pets2.test.CR5Test.testCase5_CountBoundary10PlusPets(CR5Test.java:116)
  3) testCase3_CountAfterRemoval(edu.pets.pets2.test.CR5Test)
  java.lang.NullPointerException: Cannot invoke "String.equalsIgnoreCase(String)" because "<parameter1>" is null
  	at edu.pets.House.getPetCount(House.java:215)
  	at edu.pets.pets2.test.CR5Test.testCase3_CountAfterRemoval(CR5Test.java:86)
  4) testCase1_CountPetsInPopulatedHouse(edu.pets.pets2.test.CR5Test)
  java.lang.NullPointerException: Cannot invoke "String.equalsIgnoreCase(String)" because "<parameter1>" is null
  	at edu.pets.House.getPetCount(House.java:215)
  	at edu.pets.pets2.test.CR5Test.testCase1_CountPetsInPopulatedHouse(CR5Test.java:43)
  
  FAILURES!!!
  Tests run: 5,  Failures: 4
  
  
  ----------------------------------------------------------------------------

================================================================================
测试摘要
================================================================================
测试类总数: 5
总测试数: 25
通过: 21
失败: 4
成功率: 84.0%
================================================================================