================================================================================
rideshare5 测试报告
================================================================================
生成时间: 2025-11-27 13:05:11
样本名称: rideshare5
总测试数: 25
通过: 10
失败: 15
总体结果: ✗ 有失败

================================================================================
测试详情
================================================================================

[✗ FAIL] CR1Test
  测试数: 5
  失败: 4

  失败详情:
  ----------------------------------------------------------------------------
  There were 4 failures:
  1) testCase4_BookingAllowedWithMultipleNonOverlappingTrips(edu.rideshare.rideshare5.test.CR1Test)
  java.lang.AssertionError: Trip T200 seats should be updated to 36 expected:<36> but was:<28>
  	at org.junit.Assert.fail(Assert.java:89)
  	at org.junit.Assert.failNotEquals(Assert.java:835)
  	at org.junit.Assert.assertEquals(Assert.java:647)
  	at edu.rideshare.rideshare5.test.CR1Test.testCase4_BookingAllowedWithMultipleNonOverlappingTrips(CR1Test.java:208)
  2) testCase5_BookingDeniedWhenCustomerHasOverlappingBooking(edu.rideshare.rideshare5.test.CR1Test)
  java.lang.AssertionError: Trip T300 seats should remain 40 expected:<40> but was:<36>
  	at org.junit.Assert.fail(Assert.java:89)
  	at org.junit.Assert.failNotEquals(Assert.java:835)
  	at org.junit.Assert.assertEquals(Assert.java:647)
  	at edu.rideshare.rideshare5.test.CR1Test.testCase5_BookingDeniedWhenCustomerHasOverlappingBooking(CR1Test.java:259)
  3) testCase1_ValidBookingWithAvailableSeatsAndNoOverlap(edu.rideshare.rideshare5.test.CR1Test)
  java.lang.AssertionError: Booking should be eligible
  	at org.junit.Assert.fail(Assert.java:89)
  	at org.junit.Assert.assertTrue(Assert.java:42)
  	at edu.rideshare.rideshare5.test.CR1Test.testCase1_ValidBookingWithAvailableSeatsAndNoOverlap(CR1Test.java:78)
  4) testCase3_BookingDeniedDueToTimeCutoffExactly2HoursBefore(edu.rideshare.rideshare5.test.CR1Test)
  java.lang.AssertionError: Trip T100 seats should remain 50 expected:<50> but was:<47>
  	at org.junit.Assert.fail(Assert.java:89)
  	at org.junit.Assert.failNotEquals(Assert.java:835)
  	at org.junit.Assert.assertEquals(Assert.java:647)
  	at edu.rideshare.rideshare5.test.CR1Test.testCase3_BookingDeniedDueToTimeCutoffExactly2HoursBefore(CR1Test.java:154)
  
  FAILURES!!!
  Tests run: 5,  Failures: 4
  
  
  ----------------------------------------------------------------------------

[✗ FAIL] CR2Test
  测试数: 5
  失败: 5

  失败详情:
  ----------------------------------------------------------------------------
  There were 5 failures:
  1) testCase2_DiscountDeniedForLateBooking(edu.rideshare.rideshare5.test.CR2Test)
  java.time.format.DateTimeParseException: Text '2023-12-25 10:30:00' could not be parsed at index 2
  	at java.base/java.time.format.DateTimeFormatter.parseResolved0(DateTimeFormatter.java:2108)
  	at java.base/java.time.format.DateTimeFormatter.parse(DateTimeFormatter.java:2010)
  	at java.base/java.time.LocalTime.parse(LocalTime.java:473)
  	at edu.rideshare.Trip.calculateDiscountedPrice(Trip.java:601)
  	at edu.rideshare.rideshare5.test.CR2Test.testCase2_DiscountDeniedForLateBooking(CR2Test.java:64)
  2) testCase3_Exact24HourBoundaryForDiscount(edu.rideshare.rideshare5.test.CR2Test)
  java.time.format.DateTimeParseException: Text '2023-12-24 08:00:00' could not be parsed at index 2
  	at java.base/java.time.format.DateTimeFormatter.parseResolved0(DateTimeFormatter.java:2108)
  	at java.base/java.time.format.DateTimeFormatter.parse(DateTimeFormatter.java:2010)
  	at java.base/java.time.LocalTime.parse(LocalTime.java:473)
  	at edu.rideshare.Trip.calculateDiscountedPrice(Trip.java:601)
  	at edu.rideshare.rideshare5.test.CR2Test.testCase3_Exact24HourBoundaryForDiscount(CR2Test.java:88)
  3) testCase5_DiscountAppliesOnlyToEligibleMembershipType(edu.rideshare.rideshare5.test.CR2Test)
  java.time.format.DateTimeParseException: Text '2023-12-25 04:00:00' could not be parsed at index 2
  	at java.base/java.time.format.DateTimeFormatter.parseResolved0(DateTimeFormatter.java:2108)
  	at java.base/java.time.format.DateTimeFormatter.parse(DateTimeFormatter.java:2010)
  	at java.base/java.time.LocalTime.parse(LocalTime.java:473)
  	at edu.rideshare.Trip.calculateDiscountedPrice(Trip.java:601)
  	at edu.rideshare.rideshare5.test.CR2Test.testCase5_DiscountAppliesOnlyToEligibleMembershipType(CR2Test.java:134)
  4) testCase1_20PercentDiscountAppliedForEarlyBooking(edu.rideshare.rideshare5.test.CR2Test)
  java.time.format.DateTimeParseException: Text '2023-12-24 07:00:00' could not be parsed at index 2
  	at java.base/java.time.format.DateTimeFormatter.parseResolved0(DateTimeFormatter.java:2108)
  	at java.base/java.time.format.DateTimeFormatter.parse(DateTimeFormatter.java:2010)
  	at java.base/java.time.LocalTime.parse(LocalTime.java:473)
  	at edu.rideshare.Trip.calculateDiscountedPrice(Trip.java:601)
  	at edu.rideshare.rideshare5.test.CR2Test.testCase1_20PercentDiscountAppliedForEarlyBooking(CR2Test.java:40)
  5) testCase4_NoDiscountWithoutMembership(edu.rideshare.rideshare5.test.CR2Test)
  ----------------------------------------------------------------------------

[✗ FAIL] CR3Test
  测试数: 5
  失败: 2

  失败详情:
  ----------------------------------------------------------------------------
  There were 2 failures:
  1) testCase1_SharedStopInIndirectTrips(edu.rideshare.rideshare5.test.CR3Test)
  java.lang.AssertionError: Trips should have common stop 'CityY'
  	at org.junit.Assert.fail(Assert.java:89)
  	at org.junit.Assert.assertTrue(Assert.java:42)
  	at edu.rideshare.rideshare5.test.CR3Test.testCase1_SharedStopInIndirectTrips(CR3Test.java:72)
  2) testCase4_MultipleSharedStopsDetection(edu.rideshare.rideshare5.test.CR3Test)
  java.lang.AssertionError: Trips should have multiple common stops 'B' and 'C'
  	at org.junit.Assert.fail(Assert.java:89)
  	at org.junit.Assert.assertTrue(Assert.java:42)
  	at edu.rideshare.rideshare5.test.CR3Test.testCase4_MultipleSharedStopsDetection(CR3Test.java:193)
  
  FAILURES!!!
  Tests run: 5,  Failures: 2
  
  
  ----------------------------------------------------------------------------

[✗ FAIL] CR4Test
  测试数: 5
  失败: 4

  失败详情:
  ----------------------------------------------------------------------------
  There were 4 failures:
  1) testCase1_PointsCalculationWithMultipleBookings(edu.rideshare.rideshare5.test.CR4Test)
  java.lang.AssertionError: Points calculation with multiple bookings should return 25 expected:<25> but was:<360>
  	at org.junit.Assert.fail(Assert.java:89)
  	at org.junit.Assert.failNotEquals(Assert.java:835)
  	at org.junit.Assert.assertEquals(Assert.java:647)
  	at edu.rideshare.rideshare5.test.CR4Test.testCase1_PointsCalculationWithMultipleBookings(CR4Test.java:81)
  2) testCase4_MultipleSeatsEdgeCase(edu.rideshare.rideshare5.test.CR4Test)
  java.lang.AssertionError: Multiple seats edge case should return 10 points expected:<10> but was:<0>
  	at org.junit.Assert.fail(Assert.java:89)
  	at org.junit.Assert.failNotEquals(Assert.java:835)
  	at org.junit.Assert.assertEquals(Assert.java:647)
  	at edu.rideshare.rideshare5.test.CR4Test.testCase4_MultipleSeatsEdgeCase(CR4Test.java:181)
  3) testCase3_PartialMonthInclusion(edu.rideshare.rideshare5.test.CR4Test)
  java.lang.AssertionError: Partial month inclusion should return points only for December bookings expected:<15> but was:<480>
  	at org.junit.Assert.fail(Assert.java:89)
  	at org.junit.Assert.failNotEquals(Assert.java:835)
  	at org.junit.Assert.assertEquals(Assert.java:647)
  	at edu.rideshare.rideshare5.test.CR4Test.testCase3_PartialMonthInclusion(CR4Test.java:152)
  4) testCase5_LargeSeatQuantity(edu.rideshare.rideshare5.test.CR4Test)
  java.lang.AssertionError: C8 should have 500 points for large seat quantity expected:<500> but was:<0>
  	at org.junit.Assert.fail(Assert.java:89)
  	at org.junit.Assert.failNotEquals(Assert.java:835)
  	at org.junit.Assert.assertEquals(Assert.java:647)
  	at edu.rideshare.rideshare5.test.CR4Test.testCase5_LargeSeatQuantity(CR4Test.java:243)
  
  FAILURES!!!
  Tests run: 5,  Failures: 4
  
  
  ----------------------------------------------------------------------------

[✓ PASS] CR5Test
  测试数: 5
  状态: 全部通过

================================================================================
测试摘要
================================================================================
测试类总数: 5
总测试数: 25
通过: 10
失败: 15
成功率: 40.0%
================================================================================