================================================================================
bank3 测试报告
================================================================================
生成时间: 2025-11-27 12:59:44
样本名称: bank3
总测试数: 25
通过: 15
失败: 10
总体结果: ✗ 有失败

================================================================================
测试详情
================================================================================

[✓ PASS] CR1Test
  测试数: 5
  状态: 全部通过

[✓ PASS] CR2Test
  测试数: 5
  状态: 全部通过

[✗ FAIL] CR3Test
  测试数: 5
  失败: 3

  失败详情:
  ----------------------------------------------------------------------------
  There were 3 failures:
  1) testCase1_StandardBalanceAndRate(edu.bank.bank3.test.CR3Test)
  java.lang.AssertionError: expected:<1.01> but was:<1.0>
  	at org.junit.Assert.fail(Assert.java:89)
  	at org.junit.Assert.failNotEquals(Assert.java:835)
  	at org.junit.Assert.assertEquals(Assert.java:555)
  	at org.junit.Assert.assertEquals(Assert.java:685)
  	at edu.bank.bank3.test.CR3Test.testCase1_StandardBalanceAndRate(CR3Test.java:38)
  2) testCase4_LargeBalance(edu.bank.bank3.test.CR3Test)
  java.lang.AssertionError: expected:<55.56> but was:<54.794520547945204>
  	at org.junit.Assert.fail(Assert.java:89)
  	at org.junit.Assert.failNotEquals(Assert.java:835)
  	at org.junit.Assert.assertEquals(Assert.java:555)
  	at org.junit.Assert.assertEquals(Assert.java:685)
  	at edu.bank.bank3.test.CR3Test.testCase4_LargeBalance(CR3Test.java:107)
  3) testCase5_HighPrecisionRate(edu.bank.bank3.test.CR3Test)
  java.lang.AssertionError: expected:<1234.65> but was:<1234.56>
  	at org.junit.Assert.fail(Assert.java:89)
  	at org.junit.Assert.failNotEquals(Assert.java:835)
  	at org.junit.Assert.assertEquals(Assert.java:555)
  	at org.junit.Assert.assertEquals(Assert.java:685)
  	at edu.bank.bank3.test.CR3Test.testCase5_HighPrecisionRate(CR3Test.java:131)
  
  FAILURES!!!
  Tests run: 5,  Failures: 3
  
  
  ----------------------------------------------------------------------------

[✗ FAIL] CR4Test
  测试数: 5
  失败: 4

  失败详情:
  ----------------------------------------------------------------------------
  There were 4 failures:
  1) testCase3_ExactFundsPurchase(edu.bank.bank3.test.CR4Test)
  java.lang.AssertionError: expected:<0.0> but was:<500.0>
  	at org.junit.Assert.fail(Assert.java:89)
  	at org.junit.Assert.failNotEquals(Assert.java:835)
  	at org.junit.Assert.assertEquals(Assert.java:555)
  	at org.junit.Assert.assertEquals(Assert.java:685)
  	at edu.bank.bank3.test.CR4Test.testCase3_ExactFundsPurchase(CR4Test.java:87)
  2) testCase5_SecondPurchaseFailsAfterBalanceDrops(edu.bank.bank3.test.CR4Test)
  java.lang.AssertionError: expected:<1800.0> but was:<2000.0>
  	at org.junit.Assert.fail(Assert.java:89)
  	at org.junit.Assert.failNotEquals(Assert.java:835)
  	at org.junit.Assert.assertEquals(Assert.java:555)
  	at org.junit.Assert.assertEquals(Assert.java:685)
  	at edu.bank.bank3.test.CR4Test.testCase5_SecondPurchaseFailsAfterBalanceDrops(CR4Test.java:137)
  3) testCase4_LowValueSingleShare(edu.bank.bank3.test.CR4Test)
  java.lang.AssertionError: expected:<12.0> but was:<20.0>
  	at org.junit.Assert.fail(Assert.java:89)
  	at org.junit.Assert.failNotEquals(Assert.java:835)
  	at org.junit.Assert.assertEquals(Assert.java:555)
  	at org.junit.Assert.assertEquals(Assert.java:685)
  	at edu.bank.bank3.test.CR4Test.testCase4_LowValueSingleShare(CR4Test.java:114)
  4) testCase1_SufficientBalancePurchase(edu.bank.bank3.test.CR4Test)
  java.lang.AssertionError: expected:<4500.0> but was:<5000.0>
  	at org.junit.Assert.fail(Assert.java:89)
  	at org.junit.Assert.failNotEquals(Assert.java:835)
  	at org.junit.Assert.assertEquals(Assert.java:555)
  	at org.junit.Assert.assertEquals(Assert.java:685)
  	at edu.bank.bank3.test.CR4Test.testCase1_SufficientBalancePurchase(CR4Test.java:40)
  
  ----------------------------------------------------------------------------

[✗ FAIL] CR5Test
  测试数: 5
  失败: 3

  失败详情:
  ----------------------------------------------------------------------------
  There were 3 failures:
  1) testCase5_PrecisionCheckWithFractionalShare(edu.bank.bank3.test.CR5Test)
  java.lang.AssertionError: expected:<623.45> but was:<638.6>
  	at org.junit.Assert.fail(Assert.java:89)
  	at org.junit.Assert.failNotEquals(Assert.java:835)
  	at org.junit.Assert.assertEquals(Assert.java:555)
  	at org.junit.Assert.assertEquals(Assert.java:685)
  	at edu.bank.bank3.test.CR5Test.testCase5_PrecisionCheckWithFractionalShare(CR5Test.java:160)
  2) testCase4_RepeatedPurchasesOfSameStock(edu.bank.bank3.test.CR5Test)
  java.lang.AssertionError: expected:<1000.0> but was:<1062.0>
  	at org.junit.Assert.fail(Assert.java:89)
  	at org.junit.Assert.failNotEquals(Assert.java:835)
  	at org.junit.Assert.assertEquals(Assert.java:555)
  	at org.junit.Assert.assertEquals(Assert.java:685)
  	at edu.bank.bank3.test.CR5Test.testCase4_RepeatedPurchasesOfSameStock(CR5Test.java:124)
  3) testCase1_MultipleStockPositions(edu.bank.bank3.test.CR5Test)
  java.lang.AssertionError: expected:<5000.0> but was:<5200.0>
  	at org.junit.Assert.fail(Assert.java:89)
  	at org.junit.Assert.failNotEquals(Assert.java:835)
  	at org.junit.Assert.assertEquals(Assert.java:555)
  	at org.junit.Assert.assertEquals(Assert.java:685)
  	at edu.bank.bank3.test.CR5Test.testCase1_MultipleStockPositions(CR5Test.java:49)
  
  FAILURES!!!
  Tests run: 5,  Failures: 3
  
  
  ----------------------------------------------------------------------------

================================================================================
测试摘要
================================================================================
测试类总数: 5
总测试数: 25
通过: 15
失败: 10
成功率: 60.0%
================================================================================