============================================================
AirlineFlights - Sample 5 测试详细报告
============================================================
生成时间: 2025-11-23 18:10:24

【FJC 编译】
状态: 成功
修复次数: 1 次

【测试执行结果】
============================================================

[✓ PASS] CR1Test.java
  编译: ✓ 成功
  运行: ✓ 通过
  测试数: 5/5 通过

[✓ PASS] CR2Test.java
  编译: ✓ 成功
  运行: ✓ 通过
  测试数: 5/5 通过

[✗ FAIL] CR3Test.java
  编译: ✓ 成功
  运行: ✗ 失败
  测试数: 4/5 通过，1 失败

  失败详情:
  ----------------------------------------------------
  There was 1 failure:
  1) testCase4_ClosedFlightBlocksCancellation(CR3Test)
  java.lang.AssertionError: Cancellation should fail when flight is closed
  	at org.junit.Assert.fail(Assert.java:89)
  	at org.junit.Assert.assertTrue(Assert.java:42)
  	at org.junit.Assert.assertFalse(Assert.java:65)
  	at CR3Test.testCase4_ClosedFlightBlocksCancellation(CR3Test.java:223)
  
  FAILURES!!!
  Tests run: 5,  Failures: 1
  
  
  ----------------------------------------------------

[✓ PASS] CR4Test.java
  编译: ✓ 成功
  运行: ✓ 通过
  测试数: 5/5 通过

[✓ PASS] CR5Test.java
  编译: ✓ 成功
  运行: ✓ 通过
  测试数: 5/5 通过

[✗ FAIL] CR6Test.java
  编译: ✓ 成功
  运行: ✗ 失败
  测试数: 4/5 通过，1 失败

  失败详情:
  ----------------------------------------------------
  There was 1 failure:
  1) testCase4_flightClosedPreventsModification(CR6Test)
  java.lang.AssertionError: Stopover should not be added to closed flight
  	at org.junit.Assert.fail(Assert.java:89)
  	at org.junit.Assert.assertTrue(Assert.java:42)
  	at org.junit.Assert.assertFalse(Assert.java:65)
  	at CR6Test.testCase4_flightClosedPreventsModification(CR6Test.java:224)
  
  FAILURES!!!
  Tests run: 5,  Failures: 1
  
  
  ----------------------------------------------------

============================================================
统计摘要
============================================================
- FJC 编译: ✓ 成功
- 测试类总数: 6
- 编译成功: 6/6
- 测试通过: 4/6
- 测试失败: 2/6
============================================================