================================================================================
bank4 测试报告
================================================================================
生成时间: 2025-11-25 14:43:08
样本名称: bank4
总测试数: 25
通过: 19
失败: 6
总体结果: ✗ 有失败

================================================================================
测试详情
================================================================================

[✓ PASS] CR1Test
  测试数: 5
  状态: 全部通过

[✗ FAIL] CR2Test
  测试数: 5
  失败: 3

  失败详情:
  ----------------------------------------------------------------------------
  There were 3 failures:
  1) testCase1_DepositPositiveAmountToSavings(edu.bank.bank4.test.CR2Test)
  java.lang.AssertionError: Savings account should be created successfully
  	at org.junit.Assert.fail(Assert.java:89)
  	at org.junit.Assert.assertTrue(Assert.java:42)
  	at edu.bank.bank4.test.CR2Test.testCase1_DepositPositiveAmountToSavings(CR2Test.java:36)
  2) testCase5_DepositExceedsLimitByOneDollar(edu.bank.bank4.test.CR2Test)
  java.lang.AssertionError: Savings account should be created successfully
  	at org.junit.Assert.fail(Assert.java:89)
  	at org.junit.Assert.assertTrue(Assert.java:42)
  	at edu.bank.bank4.test.CR2Test.testCase5_DepositExceedsLimitByOneDollar(CR2Test.java:108)
  3) testCase2_DepositZeroAmount(edu.bank.bank4.test.CR2Test)
  java.lang.AssertionError: Savings account should be created successfully
  	at org.junit.Assert.fail(Assert.java:89)
  	at org.junit.Assert.assertTrue(Assert.java:42)
  	at edu.bank.bank4.test.CR2Test.testCase2_DepositZeroAmount(CR2Test.java:54)
  
  FAILURES!!!
  Tests run: 5,  Failures: 3
  
  
  ----------------------------------------------------------------------------

[✗ FAIL] CR3Test
  测试数: 5
  失败: 3

  失败详情:
  ----------------------------------------------------------------------------
  There were 3 failures:
  1) testCase1_StandardBalanceAndRate(edu.bank.bank4.test.CR3Test)
  java.lang.AssertionError: expected:<10001.01> but was:<10000.0>
  	at org.junit.Assert.fail(Assert.java:89)
  	at org.junit.Assert.failNotEquals(Assert.java:835)
  	at org.junit.Assert.assertEquals(Assert.java:555)
  	at org.junit.Assert.assertEquals(Assert.java:685)
  	at edu.bank.bank4.test.CR3Test.testCase1_StandardBalanceAndRate(CR3Test.java:39)
  2) testCase4_LargeBalance(edu.bank.bank4.test.CR3Test)
  java.lang.AssertionError: expected:<1000055.56> but was:<1000000.0>
  	at org.junit.Assert.fail(Assert.java:89)
  	at org.junit.Assert.failNotEquals(Assert.java:835)
  	at org.junit.Assert.assertEquals(Assert.java:555)
  	at org.junit.Assert.assertEquals(Assert.java:685)
  	at edu.bank.bank4.test.CR3Test.testCase4_LargeBalance(CR3Test.java:108)
  3) testCase5_HighPrecisionRate(edu.bank.bank4.test.CR3Test)
  java.lang.AssertionError: expected:<1234.65> but was:<1234.56>
  	at org.junit.Assert.fail(Assert.java:89)
  	at org.junit.Assert.failNotEquals(Assert.java:835)
  	at org.junit.Assert.assertEquals(Assert.java:555)
  	at org.junit.Assert.assertEquals(Assert.java:685)
  	at edu.bank.bank4.test.CR3Test.testCase5_HighPrecisionRate(CR3Test.java:131)
  
  FAILURES!!!
  Tests run: 5,  Failures: 3
  
  
  ----------------------------------------------------------------------------

[✓ PASS] CR4Test
  测试数: 5
  状态: 全部通过

[✓ PASS] CR5Test
  测试数: 5
  状态: 全部通过

================================================================================
测试摘要
================================================================================
测试类总数: 5
总测试数: 25
通过: 19
失败: 6
成功率: 76.0%
================================================================================