============================================================
VideoRental - Sample 4 测试详细报告
============================================================
生成时间: 2025-11-22 14:41:38

【FJC 编译】
状态: ✓ 成功

【测试执行结果】
============================================================

[✗ FAIL] CR1Test.java
  编译: ✓ 成功
  运行: ✗ 失败
  测试数: 4/5 通过，1 失败

  失败详情:
  ----------------------------------------------------
  There was 1 failure:
  1) testCase2_UnreturnedAndThreeDaysOverdue(CR1Test)
  java.lang.AssertionError: expected:<1.5> but was:<2.0>
  	at org.junit.Assert.fail(Assert.java:89)
  	at org.junit.Assert.failNotEquals(Assert.java:835)
  	at org.junit.Assert.assertEquals(Assert.java:555)
  	at org.junit.Assert.assertEquals(Assert.java:685)
  	at CR1Test.testCase2_UnreturnedAndThreeDaysOverdue(CR1Test.java:77)
  
  FAILURES!!!
  Tests run: 5,  Failures: 1
  
  
  ----------------------------------------------------

[✓ PASS] CR2Test.java
  编译: ✓ 成功
  运行: ✓ 通过
  测试数: 5/5 通过

[✗ FAIL] CR3Test.java
  编译: ✓ 成功
  运行: ✗ 失败
  测试数: 4/5 通过，1 失败

  失败详情:
  ----------------------------------------------------
  There was 1 failure:
  1) testCase1_SuccessfulRental(CR3Test)
  java.lang.AssertionError: Rental should be successful when customer has <20 rentals, no overdue fees, and tape is available
  	at org.junit.Assert.fail(Assert.java:89)
  	at org.junit.Assert.assertTrue(Assert.java:42)
  	at CR3Test.testCase1_SuccessfulRental(CR3Test.java:104)
  
  FAILURES!!!
  Tests run: 5,  Failures: 1
  
  
  ----------------------------------------------------

[✗ FAIL] CR4Test.java
  编译: ✓ 成功
  运行: ✗ 失败
  测试数: 0/5 通过，5 失败

  失败详情:
  ----------------------------------------------------
  There were 5 failures:
  1) testCase4_mixedOverdueAndOnTimeRentals(CR4Test)
  java.lang.AssertionError: expected:<11.0> but was:<13.0>
  	at org.junit.Assert.fail(Assert.java:89)
  	at org.junit.Assert.failNotEquals(Assert.java:835)
  	at org.junit.Assert.assertEquals(Assert.java:555)
  	at org.junit.Assert.assertEquals(Assert.java:685)
  	at CR4Test.testCase4_mixedOverdueAndOnTimeRentals(CR4Test.java:200)
  2) testCase3_multipleOverdueRentals(CR4Test)
  java.lang.AssertionError: expected:<19.5> but was:<21.5>
  	at org.junit.Assert.fail(Assert.java:89)
  	at org.junit.Assert.failNotEquals(Assert.java:835)
  	at org.junit.Assert.assertEquals(Assert.java:555)
  	at org.junit.Assert.assertEquals(Assert.java:685)
  	at CR4Test.testCase3_multipleOverdueRentals(CR4Test.java:150)
  3) testCase2_oneOverdueRental(CR4Test)
  java.lang.AssertionError: expected:<14.5> but was:<15.5>
  	at org.junit.Assert.fail(Assert.java:89)
  	at org.junit.Assert.failNotEquals(Assert.java:835)
  	at org.junit.Assert.assertEquals(Assert.java:555)
  	at org.junit.Assert.assertEquals(Assert.java:685)
  	at CR4Test.testCase2_oneOverdueRental(CR4Test.java:100)
  4) testCase5_unreturnedTapeWithCurrentDateOverdue(CR4Test)
  java.lang.AssertionError: expected:<11.5> but was:<486.5>
  	at org.junit.Assert.fail(Assert.java:89)
  	at org.junit.Assert.failNotEquals(Assert.java:835)
  	at org.junit.Assert.assertEquals(Assert.java:555)
  	at org.junit.Assert.assertEquals(Assert.java:685)
  	at CR4Test.testCase5_unreturnedTapeWithCurrentDateOverdue(CR4Test.java:233)
  5) testCase1_noOverdueFees(CR4Test)
  ----------------------------------------------------

[✓ PASS] CR5Test.java
  编译: ✓ 成功
  运行: ✓ 通过
  测试数: 5/5 通过

============================================================
统计摘要
============================================================
- FJC 编译: ✓ 成功
- 测试类总数: 5
- 编译成功: 5/5
- 测试通过: 2/5
- 测试失败: 3/5
============================================================